#-----------------------------------------------------------
# Vivado v2019.1 (64-bit)
# SW Build 2552052 on Fri May 24 14:49:42 MDT 2019
# IP Build 2548770 on Fri May 24 18:01:18 MDT 2019
# Start of session at: Wed May  4 17:20:37 2022
# Process ID: 96472
# Current directory: D:/CodeTry/CODExperiment/Lab5/project_1
# Command line: vivado.exe -gui_launcher_event rodinguilauncherevent103104 D:\CodeTry\CODExperiment\Lab5\project_1\project_1.xpr
# Log file: D:/CodeTry/CODExperiment/Lab5/project_1/vivado.log
# Journal file: D:/CodeTry/CODExperiment/Lab5/project_1\vivado.jou
#-----------------------------------------------------------
start_gui
open_project D:/CodeTry/CODExperiment/Lab5/project_1/project_1.xpr
Scanning sources...
Finished scanning sources
INFO: [IP_Flow 19-234] Refreshing IP repositories
INFO: [IP_Flow 19-1704] No user IP repositories specified
INFO: [IP_Flow 19-2313] Loaded Vivado IP repository 'D:/Xilinx/Vivado/2019.1/data/ip'.
open_project: Time (s): cpu = 00:00:14 ; elapsed = 00:00:06 . Memory (MB): peak = 697.223 ; gain = 76.875
reset_run synth_1
launch_runs impl_1 -to_step write_bitstream -jobs 6
[Wed May  4 17:23:08 2022] Launched synth_1...
Run output will be captured here: D:/CodeTry/CODExperiment/Lab5/project_1/project_1.runs/synth_1/runme.log
[Wed May  4 17:23:08 2022] Launched impl_1...
Run output will be captured here: D:/CodeTry/CODExperiment/Lab5/project_1/project_1.runs/impl_1/runme.log
set_property -dict [list CONFIG.coefficient_file {D:/CodeTry/CODExperiment/Lab5/coe/simple_test_cpu_pl.coe}] [get_ips InstMem]
INFO: [IP_Flow 19-3484] Absolute path of file 'd:/CodeTry/CODExperiment/Lab5/coe/simple_test_cpu_pl.coe' provided. It will be converted relative to IP Instance files '../../../../../coe/simple_test_cpu_pl.coe'
generate_target all [get_files  D:/CodeTry/CODExperiment/Lab5/project_1/project_1.srcs/sources_1/ip/InstMem/InstMem.xci]
INFO: [IP_Flow 19-1686] Generating 'Instantiation Template' target for IP 'InstMem'...
INFO: [IP_Flow 19-1686] Generating 'Synthesis' target for IP 'InstMem'...
INFO: [IP_Flow 19-1686] Generating 'Simulation' target for IP 'InstMem'...
INFO: [IP_Flow 19-1686] Generating 'Change Log' target for IP 'InstMem'...
catch { config_ip_cache -export [get_ips -all InstMem] }
export_ip_user_files -of_objects [get_files D:/CodeTry/CODExperiment/Lab5/project_1/project_1.srcs/sources_1/ip/InstMem/InstMem.xci] -no_script -sync -force -quiet
reset_run InstMem_synth_1
launch_runs -jobs 6 InstMem_synth_1
[Wed May  4 17:26:49 2022] Launched InstMem_synth_1...
Run output will be captured here: D:/CodeTry/CODExperiment/Lab5/project_1/project_1.runs/InstMem_synth_1/runme.log
export_simulation -of_objects [get_files D:/CodeTry/CODExperiment/Lab5/project_1/project_1.srcs/sources_1/ip/InstMem/InstMem.xci] -directory D:/CodeTry/CODExperiment/Lab5/project_1/project_1.ip_user_files/sim_scripts -ip_user_files_dir D:/CodeTry/CODExperiment/Lab5/project_1/project_1.ip_user_files -ipstatic_source_dir D:/CodeTry/CODExperiment/Lab5/project_1/project_1.ip_user_files/ipstatic -lib_map_path [list {modelsim=D:/CodeTry/CODExperiment/Lab5/project_1/project_1.cache/compile_simlib/modelsim} {questa=D:/CodeTry/CODExperiment/Lab5/project_1/project_1.cache/compile_simlib/questa} {riviera=D:/CodeTry/CODExperiment/Lab5/project_1/project_1.cache/compile_simlib/riviera} {activehdl=D:/CodeTry/CODExperiment/Lab5/project_1/project_1.cache/compile_simlib/activehdl}] -use_ip_compiled_libs -force -quiet
reset_run synth_1
launch_runs impl_1 -to_step write_bitstream -jobs 6
[Wed May  4 17:28:03 2022] Launched synth_1...
Run output will be captured here: D:/CodeTry/CODExperiment/Lab5/project_1/project_1.runs/synth_1/runme.log
[Wed May  4 17:28:03 2022] Launched impl_1...
Run output will be captured here: D:/CodeTry/CODExperiment/Lab5/project_1/project_1.runs/impl_1/runme.log
open_hw
connect_hw_server
INFO: [Labtools 27-2285] Connecting to hw_server url TCP:localhost:3121
INFO: [Labtools 27-2222] Launching hw_server...
INFO: [Labtools 27-2221] Launch Output:

****** Xilinx hw_server v2019.1
  **** Build date : May 24 2019 at 15:13:31
    ** Copyright 1986-2019 Xilinx, Inc. All Rights Reserved.
ERROR: [Labtools 27-2220] Launch Error:
Unable to launch local hw_server executable.

ERROR: [Common 17-39] 'connect_hw_server' failed due to earlier errors.
connect_hw_server
INFO: [Labtools 27-2285] Connecting to hw_server url TCP:localhost:3121
INFO: [Labtools 27-2222] Launching hw_server...
INFO: [Labtools 27-2221] Launch Output:

****** Xilinx hw_server v2019.1
  **** Build date : May 24 2019 at 15:13:31
    ** Copyright 1986-2019 Xilinx, Inc. All Rights Reserved.
ERROR: [Labtools 27-2220] Launch Error:
Unable to launch local hw_server executable.

ERROR: [Common 17-39] 'connect_hw_server' failed due to earlier errors.
reset_run impl_1
reset_run synth_1
exit
INFO: [Common 17-206] Exiting Vivado at Wed May  4 17:28:27 2022...
