#-----------------------------------------------------------
# Vivado v2019.1 (64-bit)
# SW Build 2552052 on Fri May 24 14:49:42 MDT 2019
# IP Build 2548770 on Fri May 24 18:01:18 MDT 2019
# Start of session at: Tue May 17 10:08:36 2022
# Process ID: 71244
# Current directory: D:/CodeTry/CODExperiment/Lab6/project_1
# Command line: vivado.exe -gui_launcher_event rodinguilauncherevent73740 D:\CodeTry\CODExperiment\Lab6\project_1\project_1.xpr
# Log file: D:/CodeTry/CODExperiment/Lab6/project_1/vivado.log
# Journal file: D:/CodeTry/CODExperiment/Lab6/project_1\vivado.jou
#-----------------------------------------------------------
start_gui
open_project D:/CodeTry/CODExperiment/Lab6/project_1/project_1.xpr
Scanning sources...
Finished scanning sources
INFO: [IP_Flow 19-234] Refreshing IP repositories
INFO: [IP_Flow 19-1704] No user IP repositories specified
INFO: [IP_Flow 19-2313] Loaded Vivado IP repository 'D:/Xilinx/Vivado/2019.1/data/ip'.
open_project: Time (s): cpu = 00:00:28 ; elapsed = 00:00:09 . Memory (MB): peak = 690.762 ; gain = 89.414
update_compile_order -fileset sources_1
WARNING: [IP_Flow 19-4067] Ignoring invalid widget type specified checkbox.Providing a default widget
WARNING: [IP_Flow 19-4067] Ignoring invalid widget type specified checkbox.Providing a default widget
create_ip -name blk_mem_gen -vendor xilinx.com -library ip -version 8.4 -module_name BRAM -dir d:/CodeTry/CODExperiment/Lab6/project_1/project_1.srcs/sources_1/ip
set_property -dict [list CONFIG.Component_Name {BRAM} CONFIG.Memory_Type {Dual_Port_ROM} CONFIG.Write_Width_A {32} CONFIG.Write_Depth_A {256} CONFIG.Read_Width_A {32} CONFIG.Write_Width_B {32} CONFIG.Read_Width_B {32} CONFIG.Enable_B {Use_ENB_Pin} CONFIG.Register_PortB_Output_of_Memory_Primitives {true} CONFIG.Port_A_Write_Rate {0} CONFIG.Port_B_Clock {100} CONFIG.Port_B_Enable_Rate {100}] [get_ips BRAM]
WARNING: [Vivado 12-3523] Attempt to change 'Component_Name' from 'BRAM' to 'BRAM' is not allowed and is ignored.
generate_target {instantiation_template} [get_files d:/CodeTry/CODExperiment/Lab6/project_1/project_1.srcs/sources_1/ip/BRAM/BRAM.xci]
INFO: [IP_Flow 19-1686] Generating 'Instantiation Template' target for IP 'BRAM'...
generate_target all [get_files  d:/CodeTry/CODExperiment/Lab6/project_1/project_1.srcs/sources_1/ip/BRAM/BRAM.xci]
INFO: [IP_Flow 19-1686] Generating 'Synthesis' target for IP 'BRAM'...
INFO: [IP_Flow 19-1686] Generating 'Simulation' target for IP 'BRAM'...
INFO: [IP_Flow 19-1686] Generating 'Miscellaneous' target for IP 'BRAM'...
INFO: [IP_Flow 19-1686] Generating 'Change Log' target for IP 'BRAM'...
catch { config_ip_cache -export [get_ips -all BRAM] }
export_ip_user_files -of_objects [get_files d:/CodeTry/CODExperiment/Lab6/project_1/project_1.srcs/sources_1/ip/BRAM/BRAM.xci] -no_script -sync -force -quiet
create_ip_run [get_files -of_objects [get_fileset sources_1] d:/CodeTry/CODExperiment/Lab6/project_1/project_1.srcs/sources_1/ip/BRAM/BRAM.xci]
launch_runs -jobs 6 BRAM_synth_1
[Tue May 17 10:12:14 2022] Launched BRAM_synth_1...
Run output will be captured here: D:/CodeTry/CODExperiment/Lab6/project_1/project_1.runs/BRAM_synth_1/runme.log
export_simulation -of_objects [get_files d:/CodeTry/CODExperiment/Lab6/project_1/project_1.srcs/sources_1/ip/BRAM/BRAM.xci] -directory D:/CodeTry/CODExperiment/Lab6/project_1/project_1.ip_user_files/sim_scripts -ip_user_files_dir D:/CodeTry/CODExperiment/Lab6/project_1/project_1.ip_user_files -ipstatic_source_dir D:/CodeTry/CODExperiment/Lab6/project_1/project_1.ip_user_files/ipstatic -lib_map_path [list {modelsim=D:/CodeTry/CODExperiment/Lab6/project_1/project_1.cache/compile_simlib/modelsim} {questa=D:/CodeTry/CODExperiment/Lab6/project_1/project_1.cache/compile_simlib/questa} {riviera=D:/CodeTry/CODExperiment/Lab6/project_1/project_1.cache/compile_simlib/riviera} {activehdl=D:/CodeTry/CODExperiment/Lab6/project_1/project_1.cache/compile_simlib/activehdl}] -use_ip_compiled_libs -force -quiet
