#-----------------------------------------------------------
# Vivado v2019.1 (64-bit)
# SW Build 2552052 on Fri May 24 14:49:42 MDT 2019
# IP Build 2548770 on Fri May 24 18:01:18 MDT 2019
# Start of session at: Sat May 21 10:47:54 2022
# Process ID: 23688
# Current directory: D:/CodeTry/CODExperiment/Lab6/project_1
# Command line: vivado.exe -gui_launcher_event rodinguilauncherevent28560 D:\CodeTry\CODExperiment\Lab6\project_1\project_1.xpr
# Log file: D:/CodeTry/CODExperiment/Lab6/project_1/vivado.log
# Journal file: D:/CodeTry/CODExperiment/Lab6/project_1\vivado.jou
#-----------------------------------------------------------
start_gui
open_project D:/CodeTry/CODExperiment/Lab6/project_1/project_1.xpr
Scanning sources...
Finished scanning sources
INFO: [IP_Flow 19-234] Refreshing IP repositories
INFO: [IP_Flow 19-1704] No user IP repositories specified
INFO: [IP_Flow 19-2313] Loaded Vivado IP repository 'D:/Xilinx/Vivado/2019.1/data/ip'.
update_compile_order -fileset sources_1
set_property -dict [list CONFIG.coefficient_file {D:/CodeTry/CODExperiment/Lab6/coe/leftInsTest.coe}] [get_ips InstMem]
INFO: [IP_Flow 19-3484] Absolute path of file 'd:/CodeTry/CODExperiment/Lab6/coe/leftInsTest.coe' provided. It will be converted relative to IP Instance files '../../../../../coe/leftInsTest.coe'
generate_target all [get_files  D:/CodeTry/CODExperiment/Lab6/project_1/project_1.srcs/sources_1/ip/InstMem/InstMem.xci]
INFO: [IP_Flow 19-1686] Generating 'Instantiation Template' target for IP 'InstMem'...
INFO: [IP_Flow 19-1686] Generating 'Synthesis' target for IP 'InstMem'...
INFO: [IP_Flow 19-1686] Generating 'Simulation' target for IP 'InstMem'...
INFO: [IP_Flow 19-1686] Generating 'Change Log' target for IP 'InstMem'...
catch { config_ip_cache -export [get_ips -all InstMem] }
export_ip_user_files -of_objects [get_files D:/CodeTry/CODExperiment/Lab6/project_1/project_1.srcs/sources_1/ip/InstMem/InstMem.xci] -no_script -sync -force -quiet
reset_run InstMem_synth_1
launch_runs -jobs 6 InstMem_synth_1
[Sat May 21 10:48:53 2022] Launched InstMem_synth_1...
Run output will be captured here: D:/CodeTry/CODExperiment/Lab6/project_1/project_1.runs/InstMem_synth_1/runme.log
export_simulation -of_objects [get_files D:/CodeTry/CODExperiment/Lab6/project_1/project_1.srcs/sources_1/ip/InstMem/InstMem.xci] -directory D:/CodeTry/CODExperiment/Lab6/project_1/project_1.ip_user_files/sim_scripts -ip_user_files_dir D:/CodeTry/CODExperiment/Lab6/project_1/project_1.ip_user_files -ipstatic_source_dir D:/CodeTry/CODExperiment/Lab6/project_1/project_1.ip_user_files/ipstatic -lib_map_path [list {modelsim=D:/CodeTry/CODExperiment/Lab6/project_1/project_1.cache/compile_simlib/modelsim} {questa=D:/CodeTry/CODExperiment/Lab6/project_1/project_1.cache/compile_simlib/questa} {riviera=D:/CodeTry/CODExperiment/Lab6/project_1/project_1.cache/compile_simlib/riviera} {activehdl=D:/CodeTry/CODExperiment/Lab6/project_1/project_1.cache/compile_simlib/activehdl}] -use_ip_compiled_libs -force -quiet
launch_simulation
INFO: [Vivado 12-5698] Checking validity of IPs in the design for the 'XSim' simulator...
INFO: [Vivado 12-5682] Launching behavioral simulation in 'D:/CodeTry/CODExperiment/Lab6/project_1/project_1.sim/sim_1/behav/xsim'
INFO: [Vivado 12-4795] Using compiled simulation libraries for IPs
INFO: [SIM-utils-51] Simulation object is 'sim_1'
INFO: [USF-XSim-7] Finding pre-compiled libraries...
INFO: [USF-XSim-11] File 'D:/Xilinx/Vivado/2019.1/data/xsim/xsim.ini' copied to run dir:'D:/CodeTry/CODExperiment/Lab6/project_1/project_1.sim/sim_1/behav/xsim'
INFO: [SIM-utils-54] Inspecting design source files for 'test' in fileset 'sim_1'...
INFO: [SIM-utils-43] Exported 'D:/CodeTry/CODExperiment/Lab6/project_1/project_1.sim/sim_1/behav/xsim/DataMem.mif'
INFO: [SIM-utils-43] Exported 'D:/CodeTry/CODExperiment/Lab6/project_1/project_1.sim/sim_1/behav/xsim/data.coe'
INFO: [SIM-utils-43] Exported 'D:/CodeTry/CODExperiment/Lab6/project_1/project_1.sim/sim_1/behav/xsim/InstMem.mif'
INFO: [SIM-utils-43] Exported 'D:/CodeTry/CODExperiment/Lab6/project_1/project_1.sim/sim_1/behav/xsim/leftInsTest.coe'
INFO: [SIM-utils-43] Exported 'D:/CodeTry/CODExperiment/Lab6/project_1/project_1.sim/sim_1/behav/xsim/testWithHazard.coe'
INFO: [SIM-utils-43] Exported 'D:/CodeTry/CODExperiment/Lab6/project_1/project_1.sim/sim_1/behav/xsim/testWithoutHazard.coe'
INFO: [SIM-utils-43] Exported 'D:/CodeTry/CODExperiment/Lab6/project_1/project_1.sim/sim_1/behav/xsim/simple_test_cpu_pl.coe'
INFO: [USF-XSim-97] Finding global include files...
INFO: [USF-XSim-98] Fetching design files from 'sim_1'...
INFO: [USF-XSim-2] XSim::Compile design
INFO: [USF-XSim-61] Executing 'COMPILE and ANALYZE' step in 'D:/CodeTry/CODExperiment/Lab6/project_1/project_1.sim/sim_1/behav/xsim'
"xvlog --incr --relax -prj test_vlog.prj"
INFO: [VRFC 10-2263] Analyzing Verilog file "D:/CodeTry/CODExperiment/Lab6/project_1/project_1.srcs/sources_1/ip/DataMem/sim/DataMem.v" into library xil_defaultlib
INFO: [VRFC 10-311] analyzing module DataMem
INFO: [VRFC 10-2263] Analyzing Verilog file "D:/CodeTry/CODExperiment/Lab6/project_1/project_1.srcs/sources_1/ip/InstMem/sim/InstMem.v" into library xil_defaultlib
INFO: [VRFC 10-311] analyzing module InstMem
INFO: [VRFC 10-2263] Analyzing Verilog file "D:/CodeTry/CODExperiment/Lab6/ALU.v" into library xil_defaultlib
INFO: [VRFC 10-311] analyzing module alu
INFO: [VRFC 10-2263] Analyzing Verilog file "D:/CodeTry/CODExperiment/Lab6/ImmGen.v" into library xil_defaultlib
INFO: [VRFC 10-311] analyzing module ImmGen
INFO: [VRFC 10-2263] Analyzing Verilog file "D:/CodeTry/CODExperiment/Lab6/register_32_32.v" into library xil_defaultlib
INFO: [VRFC 10-311] analyzing module register_file
INFO: [VRFC 10-2263] Analyzing Verilog file "D:/CodeTry/CODExperiment/Lab6/project_1/project_1.srcs/sim_1/new/test.v" into library xil_defaultlib
INFO: [VRFC 10-311] analyzing module test
INFO: [VRFC 10-2458] undeclared symbol LW, assumed default net type wire [D:/CodeTry/CODExperiment/Lab6/project_1/project_1.srcs/sim_1/new/test.v:382]
INFO: [VRFC 10-2458] undeclared symbol SW, assumed default net type wire [D:/CodeTry/CODExperiment/Lab6/project_1/project_1.srcs/sim_1/new/test.v:385]
WARNING: [VRFC 10-3380] identifier 'B_Hazard' is used before its declaration [D:/CodeTry/CODExperiment/Lab6/project_1/project_1.srcs/sim_1/new/test.v:147]
WARNING: [VRFC 10-3380] identifier 'LD_R_Hazard' is used before its declaration [D:/CodeTry/CODExperiment/Lab6/project_1/project_1.srcs/sim_1/new/test.v:149]
WARNING: [VRFC 10-3380] identifier 'LD_R_Hazard' is used before its declaration [D:/CodeTry/CODExperiment/Lab6/project_1/project_1.srcs/sim_1/new/test.v:154]
WARNING: [VRFC 10-3380] identifier 'B_r_fixed' is used before its declaration [D:/CodeTry/CODExperiment/Lab6/project_1/project_1.srcs/sim_1/new/test.v:167]
WARNING: [VRFC 10-3380] identifier 'LD_R_Hazard' is used before its declaration [D:/CodeTry/CODExperiment/Lab6/project_1/project_1.srcs/sim_1/new/test.v:194]
INFO: [USF-XSim-69] 'compile' step finished in '1' seconds
INFO: [USF-XSim-3] XSim::Elaborate design
INFO: [USF-XSim-61] Executing 'ELABORATE' step in 'D:/CodeTry/CODExperiment/Lab6/project_1/project_1.sim/sim_1/behav/xsim'
"xelab -wto c7d8f2f68fe946f18b662aa69e8ee8e3 --incr --debug typical --relax --mt 2 -L dist_mem_gen_v8_0_13 -L xil_defaultlib -L unisims_ver -L unimacro_ver -L secureip -L xpm --snapshot test_behav xil_defaultlib.test xil_defaultlib.glbl -log elaborate.log"
Vivado Simulator 2019.1
Copyright 1986-1999, 2001-2019 Xilinx, Inc. All Rights Reserved.
Running: D:/Xilinx/Vivado/2019.1/bin/unwrapped/win64.o/xelab.exe -wto c7d8f2f68fe946f18b662aa69e8ee8e3 --incr --debug typical --relax --mt 2 -L dist_mem_gen_v8_0_13 -L xil_defaultlib -L unisims_ver -L unimacro_ver -L secureip -L xpm --snapshot test_behav xil_defaultlib.test xil_defaultlib.glbl -log elaborate.log 
Using 2 slave threads.
Starting static elaboration
WARNING: [VRFC 10-3091] actual bit length 4 differs from formal bit length 3 for port 's' [D:/CodeTry/CODExperiment/Lab6/project_1/project_1.srcs/sim_1/new/test.v:455]
WARNING: [VRFC 10-3091] actual bit length 9 differs from formal bit length 8 for port 'a' [D:/CodeTry/CODExperiment/Lab6/project_1/project_1.srcs/sim_1/new/test.v:456]
WARNING: [VRFC 10-3091] actual bit length 32 differs from formal bit length 5 for port 'wa' [D:/CodeTry/CODExperiment/Lab6/project_1/project_1.srcs/sim_1/new/test.v:457]
WARNING: [VRFC 10-3091] actual bit length 9 differs from formal bit length 8 for port 'a' [D:/CodeTry/CODExperiment/Lab6/project_1/project_1.srcs/sim_1/new/test.v:462]
Completed static elaboration
Starting simulation data flow analysis
Completed simulation data flow analysis
Time Resolution for simulation is 1ps
Compiling module xil_defaultlib.ImmGen
Compiling module xil_defaultlib.alu
Compiling module dist_mem_gen_v8_0_13.dist_mem_gen_v8_0_13(C_FAMILY="a...
Compiling module xil_defaultlib.InstMem
Compiling module xil_defaultlib.register_file
Compiling module dist_mem_gen_v8_0_13.dist_mem_gen_v8_0_13(C_FAMILY="a...
Compiling module xil_defaultlib.DataMem
Compiling module xil_defaultlib.test
Compiling module xil_defaultlib.glbl
Built simulation snapshot test_behav
INFO: [USF-XSim-69] 'elaborate' step finished in '2' seconds
INFO: [USF-XSim-4] XSim::Simulate design
INFO: [USF-XSim-61] Executing 'SIMULATE' step in 'D:/CodeTry/CODExperiment/Lab6/project_1/project_1.sim/sim_1/behav/xsim'
INFO: [USF-XSim-98] *** Running xsim
   with args "test_behav -key {Behavioral:sim_1:Functional:test} -tclbatch {test.tcl} -log {simulate.log}"
INFO: [USF-XSim-8] Loading simulator feature
Vivado Simulator 2019.1
Time resolution is 1 ps
source test.tcl
# set curr_wave [current_wave_config]
# if { [string length $curr_wave] == 0 } {
#   if { [llength [get_objects]] > 0} {
#     add_wave /
#     set_property needs_save false [current_wave_config]
#   } else {
#      send_msg_id Add_Wave-1 WARNING "No top level signals found. Simulator will start without a wave window. If you want to open a wave window go to 'File->New Waveform Configuration' or type 'create_wave_config' in the TCL console."
#   }
# }
# run 1000ns
WARNING: This core is supplied with a behavioral model. To model cycle-accurate behavior you must run timing simulation.
WARNING: This core is supplied with a behavioral model. To model cycle-accurate behavior you must run timing simulation.
WARNING in test.DataMem.inst at time                15500 ns: 
Reading from out-of-range address. Max address in test.DataMem.inst is         255
WARNING in test.DataMem.inst at time                16700 ns: 
Reading from out-of-range address. Max address in test.DataMem.inst is         255
WARNING in test.DataMem.inst at time                17300 ns: 
Reading from out-of-range address. Max address in test.DataMem.inst is         255
INFO: [USF-XSim-96] XSim completed. Design snapshot 'test_behav' loaded.
INFO: [USF-XSim-97] XSim simulation ran for 1000ns
launch_simulation: Time (s): cpu = 00:00:08 ; elapsed = 00:00:09 . Memory (MB): peak = 816.980 ; gain = 31.277
reset_run synth_1
WARNING: [Vivado 12-1017] Problems encountered:
1. Failed to delete one or more files in run directory D:/CodeTry/CODExperiment/Lab6/project_1/project_1.runs/synth_1

launch_runs impl_1 -to_step write_bitstream -jobs 6
[Sat May 21 10:52:17 2022] Launched synth_1...
Run output will be captured here: D:/CodeTry/CODExperiment/Lab6/project_1/project_1.runs/synth_1/runme.log
[Sat May 21 10:52:17 2022] Launched impl_1...
Run output will be captured here: D:/CodeTry/CODExperiment/Lab6/project_1/project_1.runs/impl_1/runme.log
close_sim
INFO: [Simtcl 6-16] Simulation closed
open_hw
connect_hw_server
INFO: [Labtools 27-2285] Connecting to hw_server url TCP:localhost:3121
INFO: [Labtools 27-2222] Launching hw_server...
INFO: [Labtools 27-2221] Launch Output:

****** Xilinx hw_server v2019.1
  **** Build date : May 24 2019 at 15:13:31
    ** Copyright 1986-2019 Xilinx, Inc. All Rights Reserved.


open_hw_target
INFO: [Labtoolstcl 44-466] Opening hw_target localhost:3121/xilinx_tcf/Digilent/210292ABF974A
set_property PROGRAM.FILE {D:/CodeTry/CODExperiment/Lab6/project_1/project_1.runs/impl_1/CPUDownload.bit} [get_hw_devices xc7a100t_0]
current_hw_device [get_hw_devices xc7a100t_0]
refresh_hw_device -update_hw_probes false [lindex [get_hw_devices xc7a100t_0] 0]
INFO: [Labtools 27-1435] Device xc7a100t (JTAG device index = 0) is not programmed (DONE status = 0).
set_property PROBES.FILE {} [get_hw_devices xc7a100t_0]
set_property FULL_PROBES.FILE {} [get_hw_devices xc7a100t_0]
set_property PROGRAM.FILE {D:/CodeTry/CODExperiment/Lab6/project_1/project_1.runs/impl_1/CPUDownload.bit} [get_hw_devices xc7a100t_0]
program_hw_devices [get_hw_devices xc7a100t_0]
INFO: [Labtools 27-3164] End of startup status: HIGH
refresh_hw_device [lindex [get_hw_devices xc7a100t_0] 0]
INFO: [Labtools 27-1434] Device xc7a100t (JTAG device index = 0) is programmed with a design that has no supported debug core(s) in it.
close_hw
exit
INFO: [Common 17-206] Exiting Vivado at Sat May 21 10:57:32 2022...
