#-----------------------------------------------------------
# Vivado v2019.1 (64-bit)
# SW Build 2552052 on Fri May 24 14:49:42 MDT 2019
# IP Build 2548770 on Fri May 24 18:01:18 MDT 2019
# Start of session at: Mon May 23 13:29:42 2022
# Process ID: 56116
# Current directory: D:/CodeTry/CODExperiment/Lab6/project_1
# Command line: vivado.exe -gui_launcher_event rodinguilauncherevent47232 D:\CodeTry\CODExperiment\Lab6\project_1\project_1.xpr
# Log file: D:/CodeTry/CODExperiment/Lab6/project_1/vivado.log
# Journal file: D:/CodeTry/CODExperiment/Lab6/project_1\vivado.jou
#-----------------------------------------------------------
start_gui
open_project D:/CodeTry/CODExperiment/Lab6/project_1/project_1.xpr
Scanning sources...
Finished scanning sources
INFO: [IP_Flow 19-234] Refreshing IP repositories
INFO: [IP_Flow 19-1704] No user IP repositories specified
INFO: [IP_Flow 19-2313] Loaded Vivado IP repository 'D:/Xilinx/Vivado/2019.1/data/ip'.
open_project: Time (s): cpu = 00:00:15 ; elapsed = 00:00:05 . Memory (MB): peak = 707.832 ; gain = 91.777
update_compile_order -fileset sources_1
open_hw
connect_hw_server
INFO: [Labtools 27-2285] Connecting to hw_server url TCP:localhost:3121
INFO: [Labtools 27-2222] Launching hw_server...
INFO: [Labtools 27-2221] Launch Output:

****** Xilinx hw_server v2019.1
  **** Build date : May 24 2019 at 15:13:31
    ** Copyright 1986-2019 Xilinx, Inc. All Rights Reserved.


open_hw_target
INFO: [Labtoolstcl 44-466] Opening hw_target localhost:3121/xilinx_tcf/Digilent/210292ABF974A
set_property PROGRAM.FILE {D:/CodeTry/CODExperiment/Lab6/project_1/project_1.runs/impl_1/CPUDownload.bit} [get_hw_devices xc7a100t_0]
current_hw_device [get_hw_devices xc7a100t_0]
refresh_hw_device -update_hw_probes false [lindex [get_hw_devices xc7a100t_0] 0]
INFO: [Labtools 27-1435] Device xc7a100t (JTAG device index = 0) is not programmed (DONE status = 0).
set_property PROBES.FILE {} [get_hw_devices xc7a100t_0]
set_property FULL_PROBES.FILE {} [get_hw_devices xc7a100t_0]
set_property PROGRAM.FILE {D:/CodeTry/CODExperiment/Lab6/project_1/project_1.runs/impl_1/CPUDownload.bit} [get_hw_devices xc7a100t_0]
program_hw_devices [get_hw_devices xc7a100t_0]
INFO: [Labtools 27-3164] End of startup status: HIGH
refresh_hw_device [lindex [get_hw_devices xc7a100t_0] 0]
INFO: [Labtools 27-1434] Device xc7a100t (JTAG device index = 0) is programmed with a design that has no supported debug core(s) in it.
set_property PROBES.FILE {} [get_hw_devices xc7a100t_0]
set_property FULL_PROBES.FILE {} [get_hw_devices xc7a100t_0]
set_property PROGRAM.FILE {D:/CodeTry/CODExperiment/Lab6/project_1/project_1.runs/impl_1/CPUDownload.bit} [get_hw_devices xc7a100t_0]
program_hw_devices [get_hw_devices xc7a100t_0]
INFO: [Labtools 27-3164] End of startup status: HIGH
refresh_hw_device [lindex [get_hw_devices xc7a100t_0] 0]
INFO: [Labtools 27-1434] Device xc7a100t (JTAG device index = 0) is programmed with a design that has no supported debug core(s) in it.
close_hw
generate_target Simulation [get_files D:/CodeTry/CODExperiment/Lab6/project_1/project_1.srcs/sources_1/ip/DataMem/DataMem.xci]
INFO: [IP_Flow 19-1686] Generating 'Simulation' target for IP 'DataMem'...
export_ip_user_files -of_objects [get_files D:/CodeTry/CODExperiment/Lab6/project_1/project_1.srcs/sources_1/ip/DataMem/DataMem.xci] -no_script -sync -force -quiet
export_simulation -of_objects [get_files D:/CodeTry/CODExperiment/Lab6/project_1/project_1.srcs/sources_1/ip/DataMem/DataMem.xci] -directory D:/CodeTry/CODExperiment/Lab6/project_1/project_1.ip_user_files/sim_scripts -ip_user_files_dir D:/CodeTry/CODExperiment/Lab6/project_1/project_1.ip_user_files -ipstatic_source_dir D:/CodeTry/CODExperiment/Lab6/project_1/project_1.ip_user_files/ipstatic -lib_map_path [list {modelsim=D:/CodeTry/CODExperiment/Lab6/project_1/project_1.cache/compile_simlib/modelsim} {questa=D:/CodeTry/CODExperiment/Lab6/project_1/project_1.cache/compile_simlib/questa} {riviera=D:/CodeTry/CODExperiment/Lab6/project_1/project_1.cache/compile_simlib/riviera} {activehdl=D:/CodeTry/CODExperiment/Lab6/project_1/project_1.cache/compile_simlib/activehdl}] -use_ip_compiled_libs -force -quiet
generate_target Simulation [get_files D:/CodeTry/CODExperiment/Lab6/project_1/project_1.srcs/sources_1/ip/InstMem/InstMem.xci]
INFO: [IP_Flow 19-1686] Generating 'Simulation' target for IP 'InstMem'...
export_ip_user_files -of_objects [get_files D:/CodeTry/CODExperiment/Lab6/project_1/project_1.srcs/sources_1/ip/InstMem/InstMem.xci] -no_script -sync -force -quiet
export_simulation -of_objects [get_files D:/CodeTry/CODExperiment/Lab6/project_1/project_1.srcs/sources_1/ip/InstMem/InstMem.xci] -directory D:/CodeTry/CODExperiment/Lab6/project_1/project_1.ip_user_files/sim_scripts -ip_user_files_dir D:/CodeTry/CODExperiment/Lab6/project_1/project_1.ip_user_files -ipstatic_source_dir D:/CodeTry/CODExperiment/Lab6/project_1/project_1.ip_user_files/ipstatic -lib_map_path [list {modelsim=D:/CodeTry/CODExperiment/Lab6/project_1/project_1.cache/compile_simlib/modelsim} {questa=D:/CodeTry/CODExperiment/Lab6/project_1/project_1.cache/compile_simlib/questa} {riviera=D:/CodeTry/CODExperiment/Lab6/project_1/project_1.cache/compile_simlib/riviera} {activehdl=D:/CodeTry/CODExperiment/Lab6/project_1/project_1.cache/compile_simlib/activehdl}] -use_ip_compiled_libs -force -quiet
launch_simulation
INFO: [Vivado 12-5698] Checking validity of IPs in the design for the 'XSim' simulator...
INFO: [Vivado 12-5682] Launching behavioral simulation in 'D:/CodeTry/CODExperiment/Lab6/project_1/project_1.sim/sim_1/behav/xsim'
INFO: [Vivado 12-4795] Using compiled simulation libraries for IPs
INFO: [SIM-utils-51] Simulation object is 'sim_1'
INFO: [USF-XSim-7] Finding pre-compiled libraries...
INFO: [USF-XSim-11] File 'D:/Xilinx/Vivado/2019.1/data/xsim/xsim.ini' copied to run dir:'D:/CodeTry/CODExperiment/Lab6/project_1/project_1.sim/sim_1/behav/xsim'
INFO: [SIM-utils-54] Inspecting design source files for 'test' in fileset 'sim_1'...
INFO: [SIM-utils-43] Exported 'D:/CodeTry/CODExperiment/Lab6/project_1/project_1.sim/sim_1/behav/xsim/DataMem.mif'
INFO: [SIM-utils-43] Exported 'D:/CodeTry/CODExperiment/Lab6/project_1/project_1.sim/sim_1/behav/xsim/CH2data.coe'
INFO: [SIM-utils-43] Exported 'D:/CodeTry/CODExperiment/Lab6/project_1/project_1.sim/sim_1/behav/xsim/InstMem.mif'
INFO: [SIM-utils-43] Exported 'D:/CodeTry/CODExperiment/Lab6/project_1/project_1.sim/sim_1/behav/xsim/CH2sort.coe'
INFO: [SIM-utils-43] Exported 'D:/CodeTry/CODExperiment/Lab6/project_1/project_1.sim/sim_1/behav/xsim/testWithHazard.coe'
INFO: [SIM-utils-43] Exported 'D:/CodeTry/CODExperiment/Lab6/project_1/project_1.sim/sim_1/behav/xsim/testWithoutHazard.coe'
INFO: [SIM-utils-43] Exported 'D:/CodeTry/CODExperiment/Lab6/project_1/project_1.sim/sim_1/behav/xsim/data.coe'
INFO: [SIM-utils-43] Exported 'D:/CodeTry/CODExperiment/Lab6/project_1/project_1.sim/sim_1/behav/xsim/simple_test_cpu_pl.coe'
INFO: [SIM-utils-43] Exported 'D:/CodeTry/CODExperiment/Lab6/project_1/project_1.sim/sim_1/behav/xsim/leftInsTest.coe'
INFO: [SIM-utils-43] Exported 'D:/CodeTry/CODExperiment/Lab6/project_1/project_1.sim/sim_1/behav/xsim/sort.coe'
INFO: [USF-XSim-97] Finding global include files...
INFO: [USF-XSim-98] Fetching design files from 'sim_1'...
INFO: [USF-XSim-2] XSim::Compile design
INFO: [USF-XSim-61] Executing 'COMPILE and ANALYZE' step in 'D:/CodeTry/CODExperiment/Lab6/project_1/project_1.sim/sim_1/behav/xsim'
"xvlog --incr --relax -prj test_vlog.prj"
INFO: [VRFC 10-2263] Analyzing Verilog file "D:/CodeTry/CODExperiment/Lab6/project_1/project_1.srcs/sources_1/ip/DataMem/sim/DataMem.v" into library xil_defaultlib
INFO: [VRFC 10-311] analyzing module DataMem
INFO: [VRFC 10-2263] Analyzing Verilog file "D:/CodeTry/CODExperiment/Lab6/project_1/project_1.srcs/sources_1/ip/InstMem/sim/InstMem.v" into library xil_defaultlib
INFO: [VRFC 10-311] analyzing module InstMem
INFO: [VRFC 10-2263] Analyzing Verilog file "D:/CodeTry/CODExperiment/Lab6/ALU.v" into library xil_defaultlib
INFO: [VRFC 10-311] analyzing module alu
INFO: [VRFC 10-2263] Analyzing Verilog file "D:/CodeTry/CODExperiment/Lab6/ImmGen.v" into library xil_defaultlib
INFO: [VRFC 10-311] analyzing module ImmGen
INFO: [VRFC 10-2263] Analyzing Verilog file "D:/CodeTry/CODExperiment/Lab6/InsCache.v" into library xil_defaultlib
INFO: [VRFC 10-311] analyzing module InsCache
WARNING: [VRFC 10-3380] identifier 'eqW' is used before its declaration [D:/CodeTry/CODExperiment/Lab6/InsCache.v:22]
INFO: [VRFC 10-2263] Analyzing Verilog file "D:/CodeTry/CODExperiment/Lab6/decoder.v" into library xil_defaultlib
INFO: [VRFC 10-311] analyzing module decoder_4t16
INFO: [VRFC 10-2263] Analyzing Verilog file "D:/CodeTry/CODExperiment/Lab6/encoder.v" into library xil_defaultlib
INFO: [VRFC 10-311] analyzing module encoder_16bits
INFO: [VRFC 10-2263] Analyzing Verilog file "D:/CodeTry/CODExperiment/Lab6/register_32_32.v" into library xil_defaultlib
INFO: [VRFC 10-311] analyzing module register_file
INFO: [VRFC 10-2263] Analyzing Verilog file "D:/CodeTry/CODExperiment/Lab6/saturatingCounter.v" into library xil_defaultlib
INFO: [VRFC 10-311] analyzing module saturatingCounter
INFO: [VRFC 10-2263] Analyzing Verilog file "D:/CodeTry/CODExperiment/Lab6/project_1/project_1.srcs/sim_1/new/test.v" into library xil_defaultlib
INFO: [VRFC 10-311] analyzing module test
WARNING: [VRFC 10-2654] begin/end is required for generate-for in this mode of verilog [D:/CodeTry/CODExperiment/Lab6/project_1/project_1.srcs/sim_1/new/test.v:362]
INFO: [VRFC 10-2458] undeclared symbol PredictPC, assumed default net type wire [D:/CodeTry/CODExperiment/Lab6/project_1/project_1.srcs/sim_1/new/test.v:412]
INFO: [VRFC 10-2458] undeclared symbol LW, assumed default net type wire [D:/CodeTry/CODExperiment/Lab6/project_1/project_1.srcs/sim_1/new/test.v:520]
INFO: [VRFC 10-2458] undeclared symbol SW, assumed default net type wire [D:/CodeTry/CODExperiment/Lab6/project_1/project_1.srcs/sim_1/new/test.v:523]
WARNING: [VRFC 10-2938] 'PredictPC' is already implicitly declared on line 412 [D:/CodeTry/CODExperiment/Lab6/project_1/project_1.srcs/sim_1/new/test.v:564]
WARNING: [VRFC 10-3380] identifier 'B_Hazard' is used before its declaration [D:/CodeTry/CODExperiment/Lab6/project_1/project_1.srcs/sim_1/new/test.v:151]
WARNING: [VRFC 10-3380] identifier 'LD_R_Hazard' is used before its declaration [D:/CodeTry/CODExperiment/Lab6/project_1/project_1.srcs/sim_1/new/test.v:153]
WARNING: [VRFC 10-3380] identifier 'predictJ' is used before its declaration [D:/CodeTry/CODExperiment/Lab6/project_1/project_1.srcs/sim_1/new/test.v:155]
WARNING: [VRFC 10-3380] identifier 'nextBranch' is used before its declaration [D:/CodeTry/CODExperiment/Lab6/project_1/project_1.srcs/sim_1/new/test.v:156]
WARNING: [VRFC 10-3380] identifier 'LD_R_Hazard' is used before its declaration [D:/CodeTry/CODExperiment/Lab6/project_1/project_1.srcs/sim_1/new/test.v:160]
WARNING: [VRFC 10-3380] identifier 'predictJ' is used before its declaration [D:/CodeTry/CODExperiment/Lab6/project_1/project_1.srcs/sim_1/new/test.v:163]
WARNING: [VRFC 10-3380] identifier 'PredictPC' is used before its declaration [D:/CodeTry/CODExperiment/Lab6/project_1/project_1.srcs/sim_1/new/test.v:164]
WARNING: [VRFC 10-3380] identifier 'B_r_fixed' is used before its declaration [D:/CodeTry/CODExperiment/Lab6/project_1/project_1.srcs/sim_1/new/test.v:175]
WARNING: [VRFC 10-3380] identifier 'predictJ_r_Ex' is used before its declaration [D:/CodeTry/CODExperiment/Lab6/project_1/project_1.srcs/sim_1/new/test.v:193]
WARNING: [VRFC 10-3380] identifier 'LD_R_Hazard' is used before its declaration [D:/CodeTry/CODExperiment/Lab6/project_1/project_1.srcs/sim_1/new/test.v:203]
WARNING: [VRFC 10-3380] identifier 'predictJ_r_Ex' is used before its declaration [D:/CodeTry/CODExperiment/Lab6/project_1/project_1.srcs/sim_1/new/test.v:205]
WARNING: [VRFC 10-3380] identifier 'predictJ_r_Ex' is used before its declaration [D:/CodeTry/CODExperiment/Lab6/project_1/project_1.srcs/sim_1/new/test.v:214]
WARNING: [VRFC 10-3380] identifier 'predictJ_r_Ex' is used before its declaration [D:/CodeTry/CODExperiment/Lab6/project_1/project_1.srcs/sim_1/new/test.v:297]
WARNING: [VRFC 10-3380] identifier 'InsCacheRead' is used before its declaration [D:/CodeTry/CODExperiment/Lab6/project_1/project_1.srcs/sim_1/new/test.v:311]
WARNING: [VRFC 10-3380] identifier 'InsCacheAdd' is used before its declaration [D:/CodeTry/CODExperiment/Lab6/project_1/project_1.srcs/sim_1/new/test.v:380]
WARNING: [VRFC 10-3380] identifier 'PredictPC' is used before its declaration [D:/CodeTry/CODExperiment/Lab6/project_1/project_1.srcs/sim_1/new/test.v:402]
INFO: [USF-XSim-69] 'compile' step finished in '3' seconds
INFO: [USF-XSim-3] XSim::Elaborate design
INFO: [USF-XSim-61] Executing 'ELABORATE' step in 'D:/CodeTry/CODExperiment/Lab6/project_1/project_1.sim/sim_1/behav/xsim'
"xelab -wto c7d8f2f68fe946f18b662aa69e8ee8e3 --incr --debug typical --relax --mt 2 -L dist_mem_gen_v8_0_13 -L xil_defaultlib -L unisims_ver -L unimacro_ver -L secureip -L xpm --snapshot test_behav xil_defaultlib.test xil_defaultlib.glbl -log elaborate.log"
Vivado Simulator 2019.1
Copyright 1986-1999, 2001-2019 Xilinx, Inc. All Rights Reserved.
Running: D:/Xilinx/Vivado/2019.1/bin/unwrapped/win64.o/xelab.exe -wto c7d8f2f68fe946f18b662aa69e8ee8e3 --incr --debug typical --relax --mt 2 -L dist_mem_gen_v8_0_13 -L xil_defaultlib -L unisims_ver -L unimacro_ver -L secureip -L xpm --snapshot test_behav xil_defaultlib.test xil_defaultlib.glbl -log elaborate.log 
Using 2 slave threads.
Starting static elaboration
WARNING: [VRFC 10-3091] actual bit length 40 differs from formal bit length 16 for port 'in' [D:/CodeTry/CODExperiment/Lab6/InsCache.v:52]
WARNING: [VRFC 10-3091] actual bit length 4 differs from formal bit length 3 for port 's' [D:/CodeTry/CODExperiment/Lab6/project_1/project_1.srcs/sim_1/new/test.v:634]
WARNING: [VRFC 10-3091] actual bit length 9 differs from formal bit length 8 for port 'a' [D:/CodeTry/CODExperiment/Lab6/project_1/project_1.srcs/sim_1/new/test.v:635]
WARNING: [VRFC 10-3091] actual bit length 32 differs from formal bit length 5 for port 'wa' [D:/CodeTry/CODExperiment/Lab6/project_1/project_1.srcs/sim_1/new/test.v:636]
WARNING: [VRFC 10-3091] actual bit length 9 differs from formal bit length 8 for port 'a' [D:/CodeTry/CODExperiment/Lab6/project_1/project_1.srcs/sim_1/new/test.v:641]
WARNING: [VRFC 10-526] concatenation with unsized literal; will interpret as 32 bits [D:/CodeTry/CODExperiment/Lab6/InsCache.v:52]
Completed static elaboration
Starting simulation data flow analysis
Completed simulation data flow analysis
Time Resolution for simulation is 1ps
Compiling module xil_defaultlib.decoder_4t16
Compiling module xil_defaultlib.saturatingCounter
Compiling module xil_defaultlib.encoder_16bits
Compiling module xil_defaultlib.InsCache
Compiling module xil_defaultlib.ImmGen
Compiling module xil_defaultlib.alu
Compiling module dist_mem_gen_v8_0_13.dist_mem_gen_v8_0_13(C_FAMILY="a...
Compiling module xil_defaultlib.InstMem
Compiling module xil_defaultlib.register_file
Compiling module dist_mem_gen_v8_0_13.dist_mem_gen_v8_0_13(C_FAMILY="a...
Compiling module xil_defaultlib.DataMem
Compiling module xil_defaultlib.test
Compiling module xil_defaultlib.glbl
Built simulation snapshot test_behav
INFO: [USF-XSim-69] 'elaborate' step finished in '3' seconds
INFO: [USF-XSim-4] XSim::Simulate design
INFO: [USF-XSim-61] Executing 'SIMULATE' step in 'D:/CodeTry/CODExperiment/Lab6/project_1/project_1.sim/sim_1/behav/xsim'
INFO: [USF-XSim-98] *** Running xsim
   with args "test_behav -key {Behavioral:sim_1:Functional:test} -tclbatch {test.tcl} -view {D:/CodeTry/CODExperiment/Lab6/project_1/sortTestWave.wcfg} -log {simulate.log}"
INFO: [USF-XSim-8] Loading simulator feature
Vivado Simulator 2019.1
Time resolution is 1 ps
open_wave_config D:/CodeTry/CODExperiment/Lab6/project_1/sortTestWave.wcfg
open_wave_config: Time (s): cpu = 00:00:50 ; elapsed = 00:00:50 . Memory (MB): peak = 1941.016 ; gain = 1.430
source test.tcl
# set curr_wave [current_wave_config]
# if { [string length $curr_wave] == 0 } {
#   if { [llength [get_objects]] > 0} {
#     add_wave /
#     set_property needs_save false [current_wave_config]
#   } else {
#      send_msg_id Add_Wave-1 WARNING "No top level signals found. Simulator will start without a wave window. If you want to open a wave window go to 'File->New Waveform Configuration' or type 'create_wave_config' in the TCL console."
#   }
# }
# run 1000ns
WARNING: This core is supplied with a behavioral model. To model cycle-accurate behavior you must run timing simulation.
WARNING: This core is supplied with a behavioral model. To model cycle-accurate behavior you must run timing simulation.
WARNING: Too many words specified in data file DataMem.mif
xsim: Time (s): cpu = 00:00:57 ; elapsed = 00:00:54 . Memory (MB): peak = 1959.242 ; gain = 33.832
INFO: [USF-XSim-96] XSim completed. Design snapshot 'test_behav' loaded.
INFO: [USF-XSim-97] XSim simulation ran for 1000ns
launch_simulation: Time (s): cpu = 00:01:00 ; elapsed = 00:01:01 . Memory (MB): peak = 1959.242 ; gain = 40.551
close_sim
INFO: [Simtcl 6-16] Simulation closed
launch_simulation
INFO: [Vivado 12-5698] Checking validity of IPs in the design for the 'XSim' simulator...
INFO: [Vivado 12-5682] Launching behavioral simulation in 'D:/CodeTry/CODExperiment/Lab6/project_1/project_1.sim/sim_1/behav/xsim'
INFO: [Vivado 12-4795] Using compiled simulation libraries for IPs
INFO: [SIM-utils-51] Simulation object is 'sim_1'
INFO: [USF-XSim-7] Finding pre-compiled libraries...
INFO: [USF-XSim-11] File 'D:/Xilinx/Vivado/2019.1/data/xsim/xsim.ini' copied to run dir:'D:/CodeTry/CODExperiment/Lab6/project_1/project_1.sim/sim_1/behav/xsim'
INFO: [SIM-utils-54] Inspecting design source files for 'test' in fileset 'sim_1'...
INFO: [SIM-utils-43] Exported 'D:/CodeTry/CODExperiment/Lab6/project_1/project_1.sim/sim_1/behav/xsim/DataMem.mif'
INFO: [SIM-utils-43] Exported 'D:/CodeTry/CODExperiment/Lab6/project_1/project_1.sim/sim_1/behav/xsim/CH2data.coe'
INFO: [SIM-utils-43] Exported 'D:/CodeTry/CODExperiment/Lab6/project_1/project_1.sim/sim_1/behav/xsim/InstMem.mif'
INFO: [SIM-utils-43] Exported 'D:/CodeTry/CODExperiment/Lab6/project_1/project_1.sim/sim_1/behav/xsim/CH2sort.coe'
INFO: [SIM-utils-43] Exported 'D:/CodeTry/CODExperiment/Lab6/project_1/project_1.sim/sim_1/behav/xsim/testWithHazard.coe'
INFO: [SIM-utils-43] Exported 'D:/CodeTry/CODExperiment/Lab6/project_1/project_1.sim/sim_1/behav/xsim/testWithoutHazard.coe'
INFO: [SIM-utils-43] Exported 'D:/CodeTry/CODExperiment/Lab6/project_1/project_1.sim/sim_1/behav/xsim/data.coe'
INFO: [SIM-utils-43] Exported 'D:/CodeTry/CODExperiment/Lab6/project_1/project_1.sim/sim_1/behav/xsim/simple_test_cpu_pl.coe'
INFO: [SIM-utils-43] Exported 'D:/CodeTry/CODExperiment/Lab6/project_1/project_1.sim/sim_1/behav/xsim/leftInsTest.coe'
INFO: [SIM-utils-43] Exported 'D:/CodeTry/CODExperiment/Lab6/project_1/project_1.sim/sim_1/behav/xsim/sort.coe'
INFO: [USF-XSim-97] Finding global include files...
INFO: [USF-XSim-98] Fetching design files from 'sim_1'...
INFO: [USF-XSim-2] XSim::Compile design
INFO: [USF-XSim-61] Executing 'COMPILE and ANALYZE' step in 'D:/CodeTry/CODExperiment/Lab6/project_1/project_1.sim/sim_1/behav/xsim'
"xvlog --incr --relax -prj test_vlog.prj"
INFO: [VRFC 10-2263] Analyzing Verilog file "D:/CodeTry/CODExperiment/Lab6/project_1/project_1.srcs/sources_1/ip/DataMem/sim/DataMem.v" into library xil_defaultlib
INFO: [VRFC 10-311] analyzing module DataMem
INFO: [VRFC 10-2263] Analyzing Verilog file "D:/CodeTry/CODExperiment/Lab6/project_1/project_1.srcs/sources_1/ip/InstMem/sim/InstMem.v" into library xil_defaultlib
INFO: [VRFC 10-311] analyzing module InstMem
INFO: [VRFC 10-2263] Analyzing Verilog file "D:/CodeTry/CODExperiment/Lab6/ALU.v" into library xil_defaultlib
INFO: [VRFC 10-311] analyzing module alu
INFO: [VRFC 10-2263] Analyzing Verilog file "D:/CodeTry/CODExperiment/Lab6/ImmGen.v" into library xil_defaultlib
INFO: [VRFC 10-311] analyzing module ImmGen
INFO: [VRFC 10-2263] Analyzing Verilog file "D:/CodeTry/CODExperiment/Lab6/InsCache.v" into library xil_defaultlib
INFO: [VRFC 10-311] analyzing module InsCache
WARNING: [VRFC 10-3380] identifier 'eqW' is used before its declaration [D:/CodeTry/CODExperiment/Lab6/InsCache.v:22]
INFO: [VRFC 10-2263] Analyzing Verilog file "D:/CodeTry/CODExperiment/Lab6/decoder.v" into library xil_defaultlib
INFO: [VRFC 10-311] analyzing module decoder_4t16
INFO: [VRFC 10-2263] Analyzing Verilog file "D:/CodeTry/CODExperiment/Lab6/encoder.v" into library xil_defaultlib
INFO: [VRFC 10-311] analyzing module encoder_16bits
INFO: [VRFC 10-2263] Analyzing Verilog file "D:/CodeTry/CODExperiment/Lab6/register_32_32.v" into library xil_defaultlib
INFO: [VRFC 10-311] analyzing module register_file
INFO: [VRFC 10-2263] Analyzing Verilog file "D:/CodeTry/CODExperiment/Lab6/saturatingCounter.v" into library xil_defaultlib
INFO: [VRFC 10-311] analyzing module saturatingCounter
INFO: [VRFC 10-2263] Analyzing Verilog file "D:/CodeTry/CODExperiment/Lab6/project_1/project_1.srcs/sim_1/new/test.v" into library xil_defaultlib
INFO: [VRFC 10-311] analyzing module test
WARNING: [VRFC 10-2654] begin/end is required for generate-for in this mode of verilog [D:/CodeTry/CODExperiment/Lab6/project_1/project_1.srcs/sim_1/new/test.v:362]
INFO: [VRFC 10-2458] undeclared symbol PredictPC, assumed default net type wire [D:/CodeTry/CODExperiment/Lab6/project_1/project_1.srcs/sim_1/new/test.v:412]
INFO: [VRFC 10-2458] undeclared symbol LW, assumed default net type wire [D:/CodeTry/CODExperiment/Lab6/project_1/project_1.srcs/sim_1/new/test.v:520]
INFO: [VRFC 10-2458] undeclared symbol SW, assumed default net type wire [D:/CodeTry/CODExperiment/Lab6/project_1/project_1.srcs/sim_1/new/test.v:523]
WARNING: [VRFC 10-2938] 'PredictPC' is already implicitly declared on line 412 [D:/CodeTry/CODExperiment/Lab6/project_1/project_1.srcs/sim_1/new/test.v:564]
WARNING: [VRFC 10-3380] identifier 'B_Hazard' is used before its declaration [D:/CodeTry/CODExperiment/Lab6/project_1/project_1.srcs/sim_1/new/test.v:151]
WARNING: [VRFC 10-3380] identifier 'LD_R_Hazard' is used before its declaration [D:/CodeTry/CODExperiment/Lab6/project_1/project_1.srcs/sim_1/new/test.v:153]
WARNING: [VRFC 10-3380] identifier 'predictJ' is used before its declaration [D:/CodeTry/CODExperiment/Lab6/project_1/project_1.srcs/sim_1/new/test.v:155]
WARNING: [VRFC 10-3380] identifier 'nextBranch' is used before its declaration [D:/CodeTry/CODExperiment/Lab6/project_1/project_1.srcs/sim_1/new/test.v:156]
WARNING: [VRFC 10-3380] identifier 'LD_R_Hazard' is used before its declaration [D:/CodeTry/CODExperiment/Lab6/project_1/project_1.srcs/sim_1/new/test.v:160]
WARNING: [VRFC 10-3380] identifier 'predictJ' is used before its declaration [D:/CodeTry/CODExperiment/Lab6/project_1/project_1.srcs/sim_1/new/test.v:163]
WARNING: [VRFC 10-3380] identifier 'PredictPC' is used before its declaration [D:/CodeTry/CODExperiment/Lab6/project_1/project_1.srcs/sim_1/new/test.v:164]
WARNING: [VRFC 10-3380] identifier 'B_r_fixed' is used before its declaration [D:/CodeTry/CODExperiment/Lab6/project_1/project_1.srcs/sim_1/new/test.v:175]
WARNING: [VRFC 10-3380] identifier 'predictJ_r_Ex' is used before its declaration [D:/CodeTry/CODExperiment/Lab6/project_1/project_1.srcs/sim_1/new/test.v:193]
WARNING: [VRFC 10-3380] identifier 'LD_R_Hazard' is used before its declaration [D:/CodeTry/CODExperiment/Lab6/project_1/project_1.srcs/sim_1/new/test.v:203]
WARNING: [VRFC 10-3380] identifier 'predictJ_r_Ex' is used before its declaration [D:/CodeTry/CODExperiment/Lab6/project_1/project_1.srcs/sim_1/new/test.v:205]
WARNING: [VRFC 10-3380] identifier 'predictJ_r_Ex' is used before its declaration [D:/CodeTry/CODExperiment/Lab6/project_1/project_1.srcs/sim_1/new/test.v:214]
WARNING: [VRFC 10-3380] identifier 'predictJ_r_Ex' is used before its declaration [D:/CodeTry/CODExperiment/Lab6/project_1/project_1.srcs/sim_1/new/test.v:297]
WARNING: [VRFC 10-3380] identifier 'InsCacheRead' is used before its declaration [D:/CodeTry/CODExperiment/Lab6/project_1/project_1.srcs/sim_1/new/test.v:311]
WARNING: [VRFC 10-3380] identifier 'InsCacheAdd' is used before its declaration [D:/CodeTry/CODExperiment/Lab6/project_1/project_1.srcs/sim_1/new/test.v:380]
WARNING: [VRFC 10-3380] identifier 'PredictPC' is used before its declaration [D:/CodeTry/CODExperiment/Lab6/project_1/project_1.srcs/sim_1/new/test.v:402]
INFO: [USF-XSim-69] 'compile' step finished in '3' seconds
INFO: [USF-XSim-3] XSim::Elaborate design
INFO: [USF-XSim-61] Executing 'ELABORATE' step in 'D:/CodeTry/CODExperiment/Lab6/project_1/project_1.sim/sim_1/behav/xsim'
"xelab -wto c7d8f2f68fe946f18b662aa69e8ee8e3 --incr --debug typical --relax --mt 2 -L dist_mem_gen_v8_0_13 -L xil_defaultlib -L unisims_ver -L unimacro_ver -L secureip -L xpm --snapshot test_behav xil_defaultlib.test xil_defaultlib.glbl -log elaborate.log"
Vivado Simulator 2019.1
Copyright 1986-1999, 2001-2019 Xilinx, Inc. All Rights Reserved.
Running: D:/Xilinx/Vivado/2019.1/bin/unwrapped/win64.o/xelab.exe -wto c7d8f2f68fe946f18b662aa69e8ee8e3 --incr --debug typical --relax --mt 2 -L dist_mem_gen_v8_0_13 -L xil_defaultlib -L unisims_ver -L unimacro_ver -L secureip -L xpm --snapshot test_behav xil_defaultlib.test xil_defaultlib.glbl -log elaborate.log 
Using 2 slave threads.
Starting static elaboration
WARNING: [VRFC 10-3091] actual bit length 40 differs from formal bit length 16 for port 'in' [D:/CodeTry/CODExperiment/Lab6/InsCache.v:52]
WARNING: [VRFC 10-3091] actual bit length 4 differs from formal bit length 3 for port 's' [D:/CodeTry/CODExperiment/Lab6/project_1/project_1.srcs/sim_1/new/test.v:634]
WARNING: [VRFC 10-3091] actual bit length 9 differs from formal bit length 8 for port 'a' [D:/CodeTry/CODExperiment/Lab6/project_1/project_1.srcs/sim_1/new/test.v:635]
WARNING: [VRFC 10-3091] actual bit length 32 differs from formal bit length 5 for port 'wa' [D:/CodeTry/CODExperiment/Lab6/project_1/project_1.srcs/sim_1/new/test.v:636]
WARNING: [VRFC 10-3091] actual bit length 9 differs from formal bit length 8 for port 'a' [D:/CodeTry/CODExperiment/Lab6/project_1/project_1.srcs/sim_1/new/test.v:641]
WARNING: [VRFC 10-526] concatenation with unsized literal; will interpret as 32 bits [D:/CodeTry/CODExperiment/Lab6/InsCache.v:52]
Completed static elaboration
Starting simulation data flow analysis
Completed simulation data flow analysis
Time Resolution for simulation is 1ps
Compiling module xil_defaultlib.decoder_4t16
Compiling module xil_defaultlib.saturatingCounter
Compiling module xil_defaultlib.encoder_16bits
Compiling module xil_defaultlib.InsCache
Compiling module xil_defaultlib.ImmGen
Compiling module xil_defaultlib.alu
Compiling module dist_mem_gen_v8_0_13.dist_mem_gen_v8_0_13(C_FAMILY="a...
Compiling module xil_defaultlib.InstMem
Compiling module xil_defaultlib.register_file
Compiling module dist_mem_gen_v8_0_13.dist_mem_gen_v8_0_13(C_FAMILY="a...
Compiling module xil_defaultlib.DataMem
Compiling module xil_defaultlib.test
Compiling module xil_defaultlib.glbl
Built simulation snapshot test_behav
INFO: [USF-XSim-69] 'elaborate' step finished in '3' seconds
INFO: [USF-XSim-4] XSim::Simulate design
INFO: [USF-XSim-61] Executing 'SIMULATE' step in 'D:/CodeTry/CODExperiment/Lab6/project_1/project_1.sim/sim_1/behav/xsim'
INFO: [USF-XSim-98] *** Running xsim
   with args "test_behav -key {Behavioral:sim_1:Functional:test} -tclbatch {test.tcl} -view {D:/CodeTry/CODExperiment/Lab6/project_1/sortTestWave.wcfg} -log {simulate.log}"
INFO: [USF-XSim-8] Loading simulator feature
Vivado Simulator 2019.1
Time resolution is 1 ps
open_wave_config D:/CodeTry/CODExperiment/Lab6/project_1/sortTestWave.wcfg
open_wave_config: Time (s): cpu = 00:00:50 ; elapsed = 00:00:51 . Memory (MB): peak = 2088.879 ; gain = 0.000
source test.tcl
# set curr_wave [current_wave_config]
# if { [string length $curr_wave] == 0 } {
#   if { [llength [get_objects]] > 0} {
#     add_wave /
#     set_property needs_save false [current_wave_config]
#   } else {
#      send_msg_id Add_Wave-1 WARNING "No top level signals found. Simulator will start without a wave window. If you want to open a wave window go to 'File->New Waveform Configuration' or type 'create_wave_config' in the TCL console."
#   }
# }
# run 1000ns
WARNING: This core is supplied with a behavioral model. To model cycle-accurate behavior you must run timing simulation.
WARNING: This core is supplied with a behavioral model. To model cycle-accurate behavior you must run timing simulation.
WARNING: Too many words specified in data file DataMem.mif
xsim: Time (s): cpu = 00:00:54 ; elapsed = 00:00:54 . Memory (MB): peak = 2088.879 ; gain = 0.000
INFO: [USF-XSim-96] XSim completed. Design snapshot 'test_behav' loaded.
INFO: [USF-XSim-97] XSim simulation ran for 1000ns
launch_simulation: Time (s): cpu = 00:00:55 ; elapsed = 00:01:01 . Memory (MB): peak = 2088.879 ; gain = 0.000
close_sim
INFO: [Simtcl 6-16] Simulation closed
reset_run synth_1
reset_run DataMem_synth_1
reset_run InstMem_synth_1
launch_runs impl_1 -to_step write_bitstream -jobs 6
INFO: [IP_Flow 19-1686] Generating 'Synthesis' target for IP 'DataMem'...
INFO: [IP_Flow 19-1686] Generating 'Synthesis' target for IP 'InstMem'...
[Mon May 23 14:57:22 2022] Launched DataMem_synth_1, InstMem_synth_1, synth_1...
Run output will be captured here:
DataMem_synth_1: D:/CodeTry/CODExperiment/Lab6/project_1/project_1.runs/DataMem_synth_1/runme.log
InstMem_synth_1: D:/CodeTry/CODExperiment/Lab6/project_1/project_1.runs/InstMem_synth_1/runme.log
synth_1: D:/CodeTry/CODExperiment/Lab6/project_1/project_1.runs/synth_1/runme.log
[Mon May 23 14:57:22 2022] Launched impl_1...
Run output will be captured here: D:/CodeTry/CODExperiment/Lab6/project_1/project_1.runs/impl_1/runme.log
open_hw
connect_hw_server
INFO: [Labtools 27-2285] Connecting to hw_server url TCP:localhost:3121
INFO: [Labtools 27-2222] Launching hw_server...
INFO: [Labtools 27-2221] Launch Output:

****** Xilinx hw_server v2019.1
  **** Build date : May 24 2019 at 15:13:31
    ** Copyright 1986-2019 Xilinx, Inc. All Rights Reserved.


open_hw_target
INFO: [Labtoolstcl 44-466] Opening hw_target localhost:3121/xilinx_tcf/Digilent/210292ABF974A
set_property PROGRAM.FILE {D:/CodeTry/CODExperiment/Lab6/project_1/project_1.runs/impl_1/CPUDownload.bit} [get_hw_devices xc7a100t_0]
current_hw_device [get_hw_devices xc7a100t_0]
refresh_hw_device -update_hw_probes false [lindex [get_hw_devices xc7a100t_0] 0]
INFO: [Labtools 27-1434] Device xc7a100t (JTAG device index = 0) is programmed with a design that has no supported debug core(s) in it.
set_property PROBES.FILE {} [get_hw_devices xc7a100t_0]
set_property FULL_PROBES.FILE {} [get_hw_devices xc7a100t_0]
set_property PROGRAM.FILE {D:/CodeTry/CODExperiment/Lab6/project_1/project_1.runs/impl_1/CPUDownload.bit} [get_hw_devices xc7a100t_0]
program_hw_devices [get_hw_devices xc7a100t_0]
INFO: [Labtools 27-3164] End of startup status: HIGH
refresh_hw_device [lindex [get_hw_devices xc7a100t_0] 0]
INFO: [Labtools 27-1434] Device xc7a100t (JTAG device index = 0) is programmed with a design that has no supported debug core(s) in it.
close_hw
launch_simulation
INFO: [Vivado 12-5698] Checking validity of IPs in the design for the 'XSim' simulator...
INFO: [Vivado 12-5682] Launching behavioral simulation in 'D:/CodeTry/CODExperiment/Lab6/project_1/project_1.sim/sim_1/behav/xsim'
INFO: [Vivado 12-4795] Using compiled simulation libraries for IPs
INFO: [SIM-utils-51] Simulation object is 'sim_1'
INFO: [USF-XSim-7] Finding pre-compiled libraries...
INFO: [USF-XSim-11] File 'D:/Xilinx/Vivado/2019.1/data/xsim/xsim.ini' copied to run dir:'D:/CodeTry/CODExperiment/Lab6/project_1/project_1.sim/sim_1/behav/xsim'
INFO: [SIM-utils-54] Inspecting design source files for 'test' in fileset 'sim_1'...
INFO: [SIM-utils-43] Exported 'D:/CodeTry/CODExperiment/Lab6/project_1/project_1.sim/sim_1/behav/xsim/DataMem.mif'
INFO: [SIM-utils-43] Exported 'D:/CodeTry/CODExperiment/Lab6/project_1/project_1.sim/sim_1/behav/xsim/CH2data.coe'
INFO: [SIM-utils-43] Exported 'D:/CodeTry/CODExperiment/Lab6/project_1/project_1.sim/sim_1/behav/xsim/InstMem.mif'
INFO: [SIM-utils-43] Exported 'D:/CodeTry/CODExperiment/Lab6/project_1/project_1.sim/sim_1/behav/xsim/CH2sort.coe'
INFO: [SIM-utils-43] Exported 'D:/CodeTry/CODExperiment/Lab6/project_1/project_1.sim/sim_1/behav/xsim/testWithHazard.coe'
INFO: [SIM-utils-43] Exported 'D:/CodeTry/CODExperiment/Lab6/project_1/project_1.sim/sim_1/behav/xsim/testWithoutHazard.coe'
INFO: [SIM-utils-43] Exported 'D:/CodeTry/CODExperiment/Lab6/project_1/project_1.sim/sim_1/behav/xsim/data.coe'
INFO: [SIM-utils-43] Exported 'D:/CodeTry/CODExperiment/Lab6/project_1/project_1.sim/sim_1/behav/xsim/simple_test_cpu_pl.coe'
INFO: [SIM-utils-43] Exported 'D:/CodeTry/CODExperiment/Lab6/project_1/project_1.sim/sim_1/behav/xsim/leftInsTest.coe'
INFO: [SIM-utils-43] Exported 'D:/CodeTry/CODExperiment/Lab6/project_1/project_1.sim/sim_1/behav/xsim/sort.coe'
INFO: [USF-XSim-97] Finding global include files...
INFO: [USF-XSim-98] Fetching design files from 'sim_1'...
INFO: [USF-XSim-2] XSim::Compile design
INFO: [USF-XSim-61] Executing 'COMPILE and ANALYZE' step in 'D:/CodeTry/CODExperiment/Lab6/project_1/project_1.sim/sim_1/behav/xsim'
"xvlog --incr --relax -prj test_vlog.prj"
INFO: [VRFC 10-2263] Analyzing Verilog file "D:/CodeTry/CODExperiment/Lab6/project_1/project_1.srcs/sources_1/ip/DataMem/sim/DataMem.v" into library xil_defaultlib
INFO: [VRFC 10-311] analyzing module DataMem
INFO: [VRFC 10-2263] Analyzing Verilog file "D:/CodeTry/CODExperiment/Lab6/project_1/project_1.srcs/sources_1/ip/InstMem/sim/InstMem.v" into library xil_defaultlib
INFO: [VRFC 10-311] analyzing module InstMem
INFO: [VRFC 10-2263] Analyzing Verilog file "D:/CodeTry/CODExperiment/Lab6/ALU.v" into library xil_defaultlib
INFO: [VRFC 10-311] analyzing module alu
INFO: [VRFC 10-2263] Analyzing Verilog file "D:/CodeTry/CODExperiment/Lab6/ImmGen.v" into library xil_defaultlib
INFO: [VRFC 10-311] analyzing module ImmGen
INFO: [VRFC 10-2263] Analyzing Verilog file "D:/CodeTry/CODExperiment/Lab6/InsCache.v" into library xil_defaultlib
INFO: [VRFC 10-311] analyzing module InsCache
WARNING: [VRFC 10-3380] identifier 'eqW' is used before its declaration [D:/CodeTry/CODExperiment/Lab6/InsCache.v:22]
INFO: [VRFC 10-2263] Analyzing Verilog file "D:/CodeTry/CODExperiment/Lab6/decoder.v" into library xil_defaultlib
INFO: [VRFC 10-311] analyzing module decoder_4t16
INFO: [VRFC 10-2263] Analyzing Verilog file "D:/CodeTry/CODExperiment/Lab6/encoder.v" into library xil_defaultlib
INFO: [VRFC 10-311] analyzing module encoder_16bits
INFO: [VRFC 10-2263] Analyzing Verilog file "D:/CodeTry/CODExperiment/Lab6/register_32_32.v" into library xil_defaultlib
INFO: [VRFC 10-311] analyzing module register_file
INFO: [VRFC 10-2263] Analyzing Verilog file "D:/CodeTry/CODExperiment/Lab6/saturatingCounter.v" into library xil_defaultlib
INFO: [VRFC 10-311] analyzing module saturatingCounter
INFO: [VRFC 10-2263] Analyzing Verilog file "D:/CodeTry/CODExperiment/Lab6/project_1/project_1.srcs/sim_1/new/test.v" into library xil_defaultlib
INFO: [VRFC 10-311] analyzing module test
WARNING: [VRFC 10-2654] begin/end is required for generate-for in this mode of verilog [D:/CodeTry/CODExperiment/Lab6/project_1/project_1.srcs/sim_1/new/test.v:362]
INFO: [VRFC 10-2458] undeclared symbol PredictPC, assumed default net type wire [D:/CodeTry/CODExperiment/Lab6/project_1/project_1.srcs/sim_1/new/test.v:412]
INFO: [VRFC 10-2458] undeclared symbol LW, assumed default net type wire [D:/CodeTry/CODExperiment/Lab6/project_1/project_1.srcs/sim_1/new/test.v:520]
INFO: [VRFC 10-2458] undeclared symbol SW, assumed default net type wire [D:/CodeTry/CODExperiment/Lab6/project_1/project_1.srcs/sim_1/new/test.v:523]
WARNING: [VRFC 10-2938] 'PredictPC' is already implicitly declared on line 412 [D:/CodeTry/CODExperiment/Lab6/project_1/project_1.srcs/sim_1/new/test.v:564]
WARNING: [VRFC 10-3380] identifier 'B_Hazard' is used before its declaration [D:/CodeTry/CODExperiment/Lab6/project_1/project_1.srcs/sim_1/new/test.v:151]
WARNING: [VRFC 10-3380] identifier 'LD_R_Hazard' is used before its declaration [D:/CodeTry/CODExperiment/Lab6/project_1/project_1.srcs/sim_1/new/test.v:153]
WARNING: [VRFC 10-3380] identifier 'predictJ' is used before its declaration [D:/CodeTry/CODExperiment/Lab6/project_1/project_1.srcs/sim_1/new/test.v:155]
WARNING: [VRFC 10-3380] identifier 'nextBranch' is used before its declaration [D:/CodeTry/CODExperiment/Lab6/project_1/project_1.srcs/sim_1/new/test.v:156]
WARNING: [VRFC 10-3380] identifier 'LD_R_Hazard' is used before its declaration [D:/CodeTry/CODExperiment/Lab6/project_1/project_1.srcs/sim_1/new/test.v:160]
WARNING: [VRFC 10-3380] identifier 'predictJ' is used before its declaration [D:/CodeTry/CODExperiment/Lab6/project_1/project_1.srcs/sim_1/new/test.v:163]
WARNING: [VRFC 10-3380] identifier 'PredictPC' is used before its declaration [D:/CodeTry/CODExperiment/Lab6/project_1/project_1.srcs/sim_1/new/test.v:164]
WARNING: [VRFC 10-3380] identifier 'B_r_fixed' is used before its declaration [D:/CodeTry/CODExperiment/Lab6/project_1/project_1.srcs/sim_1/new/test.v:175]
WARNING: [VRFC 10-3380] identifier 'predictJ_r_Ex' is used before its declaration [D:/CodeTry/CODExperiment/Lab6/project_1/project_1.srcs/sim_1/new/test.v:193]
WARNING: [VRFC 10-3380] identifier 'LD_R_Hazard' is used before its declaration [D:/CodeTry/CODExperiment/Lab6/project_1/project_1.srcs/sim_1/new/test.v:203]
WARNING: [VRFC 10-3380] identifier 'predictJ_r_Ex' is used before its declaration [D:/CodeTry/CODExperiment/Lab6/project_1/project_1.srcs/sim_1/new/test.v:205]
WARNING: [VRFC 10-3380] identifier 'predictJ_r_Ex' is used before its declaration [D:/CodeTry/CODExperiment/Lab6/project_1/project_1.srcs/sim_1/new/test.v:214]
WARNING: [VRFC 10-3380] identifier 'predictJ_r_Ex' is used before its declaration [D:/CodeTry/CODExperiment/Lab6/project_1/project_1.srcs/sim_1/new/test.v:297]
WARNING: [VRFC 10-3380] identifier 'InsCacheRead' is used before its declaration [D:/CodeTry/CODExperiment/Lab6/project_1/project_1.srcs/sim_1/new/test.v:311]
WARNING: [VRFC 10-3380] identifier 'InsCacheAdd' is used before its declaration [D:/CodeTry/CODExperiment/Lab6/project_1/project_1.srcs/sim_1/new/test.v:380]
WARNING: [VRFC 10-3380] identifier 'PredictPC' is used before its declaration [D:/CodeTry/CODExperiment/Lab6/project_1/project_1.srcs/sim_1/new/test.v:402]
INFO: [USF-XSim-69] 'compile' step finished in '3' seconds
INFO: [USF-XSim-3] XSim::Elaborate design
INFO: [USF-XSim-61] Executing 'ELABORATE' step in 'D:/CodeTry/CODExperiment/Lab6/project_1/project_1.sim/sim_1/behav/xsim'
"xelab -wto c7d8f2f68fe946f18b662aa69e8ee8e3 --incr --debug typical --relax --mt 2 -L dist_mem_gen_v8_0_13 -L xil_defaultlib -L unisims_ver -L unimacro_ver -L secureip -L xpm --snapshot test_behav xil_defaultlib.test xil_defaultlib.glbl -log elaborate.log"
Vivado Simulator 2019.1
Copyright 1986-1999, 2001-2019 Xilinx, Inc. All Rights Reserved.
Running: D:/Xilinx/Vivado/2019.1/bin/unwrapped/win64.o/xelab.exe -wto c7d8f2f68fe946f18b662aa69e8ee8e3 --incr --debug typical --relax --mt 2 -L dist_mem_gen_v8_0_13 -L xil_defaultlib -L unisims_ver -L unimacro_ver -L secureip -L xpm --snapshot test_behav xil_defaultlib.test xil_defaultlib.glbl -log elaborate.log 
Using 2 slave threads.
Starting static elaboration
WARNING: [VRFC 10-3091] actual bit length 40 differs from formal bit length 16 for port 'in' [D:/CodeTry/CODExperiment/Lab6/InsCache.v:52]
WARNING: [VRFC 10-3091] actual bit length 4 differs from formal bit length 3 for port 's' [D:/CodeTry/CODExperiment/Lab6/project_1/project_1.srcs/sim_1/new/test.v:634]
WARNING: [VRFC 10-3091] actual bit length 9 differs from formal bit length 8 for port 'a' [D:/CodeTry/CODExperiment/Lab6/project_1/project_1.srcs/sim_1/new/test.v:635]
WARNING: [VRFC 10-3091] actual bit length 32 differs from formal bit length 5 for port 'wa' [D:/CodeTry/CODExperiment/Lab6/project_1/project_1.srcs/sim_1/new/test.v:636]
WARNING: [VRFC 10-3091] actual bit length 9 differs from formal bit length 8 for port 'a' [D:/CodeTry/CODExperiment/Lab6/project_1/project_1.srcs/sim_1/new/test.v:641]
WARNING: [VRFC 10-526] concatenation with unsized literal; will interpret as 32 bits [D:/CodeTry/CODExperiment/Lab6/InsCache.v:52]
Completed static elaboration
Starting simulation data flow analysis
Completed simulation data flow analysis
Time Resolution for simulation is 1ps
Compiling module xil_defaultlib.decoder_4t16
Compiling module xil_defaultlib.saturatingCounter
Compiling module xil_defaultlib.encoder_16bits
Compiling module xil_defaultlib.InsCache
Compiling module xil_defaultlib.ImmGen
Compiling module xil_defaultlib.alu
Compiling module dist_mem_gen_v8_0_13.dist_mem_gen_v8_0_13(C_FAMILY="a...
Compiling module xil_defaultlib.InstMem
Compiling module xil_defaultlib.register_file
Compiling module dist_mem_gen_v8_0_13.dist_mem_gen_v8_0_13(C_FAMILY="a...
Compiling module xil_defaultlib.DataMem
Compiling module xil_defaultlib.test
Compiling module xil_defaultlib.glbl
Built simulation snapshot test_behav
INFO: [USF-XSim-69] 'elaborate' step finished in '4' seconds
INFO: [USF-XSim-4] XSim::Simulate design
INFO: [USF-XSim-61] Executing 'SIMULATE' step in 'D:/CodeTry/CODExperiment/Lab6/project_1/project_1.sim/sim_1/behav/xsim'
INFO: [USF-XSim-98] *** Running xsim
   with args "test_behav -key {Behavioral:sim_1:Functional:test} -tclbatch {test.tcl} -view {D:/CodeTry/CODExperiment/Lab6/project_1/sortTestWave.wcfg} -log {simulate.log}"
INFO: [USF-XSim-8] Loading simulator feature
Vivado Simulator 2019.1
Time resolution is 1 ps
open_wave_config D:/CodeTry/CODExperiment/Lab6/project_1/sortTestWave.wcfg
open_wave_config: Time (s): cpu = 00:00:50 ; elapsed = 00:00:50 . Memory (MB): peak = 2095.016 ; gain = 0.000
source test.tcl
# set curr_wave [current_wave_config]
# if { [string length $curr_wave] == 0 } {
#   if { [llength [get_objects]] > 0} {
#     add_wave /
#     set_property needs_save false [current_wave_config]
#   } else {
#      send_msg_id Add_Wave-1 WARNING "No top level signals found. Simulator will start without a wave window. If you want to open a wave window go to 'File->New Waveform Configuration' or type 'create_wave_config' in the TCL console."
#   }
# }
# run 1000ns
WARNING: This core is supplied with a behavioral model. To model cycle-accurate behavior you must run timing simulation.
WARNING: This core is supplied with a behavioral model. To model cycle-accurate behavior you must run timing simulation.
WARNING: Too many words specified in data file DataMem.mif
xsim: Time (s): cpu = 00:00:55 ; elapsed = 00:00:54 . Memory (MB): peak = 2095.016 ; gain = 0.000
INFO: [USF-XSim-96] XSim completed. Design snapshot 'test_behav' loaded.
INFO: [USF-XSim-97] XSim simulation ran for 1000ns
launch_simulation: Time (s): cpu = 00:00:56 ; elapsed = 00:01:01 . Memory (MB): peak = 2095.016 ; gain = 0.000
open_hw
connect_hw_server
INFO: [Labtools 27-2285] Connecting to hw_server url TCP:localhost:3121
INFO: [Labtools 27-2222] Launching hw_server...
INFO: [Labtools 27-2221] Launch Output:

****** Xilinx hw_server v2019.1
  **** Build date : May 24 2019 at 15:13:31
    ** Copyright 1986-2019 Xilinx, Inc. All Rights Reserved.


open_hw_target
INFO: [Labtoolstcl 44-466] Opening hw_target localhost:3121/xilinx_tcf/Digilent/210292ABF974A
set_property PROGRAM.FILE {D:/CodeTry/CODExperiment/Lab6/project_1/project_1.runs/impl_1/CPUDownload.bit} [get_hw_devices xc7a100t_0]
current_hw_device [get_hw_devices xc7a100t_0]
refresh_hw_device -update_hw_probes false [lindex [get_hw_devices xc7a100t_0] 0]
INFO: [Labtools 27-1435] Device xc7a100t (JTAG device index = 0) is not programmed (DONE status = 0).
set_property PROBES.FILE {} [get_hw_devices xc7a100t_0]
set_property FULL_PROBES.FILE {} [get_hw_devices xc7a100t_0]
set_property PROGRAM.FILE {D:/CodeTry/CODExperiment/Lab6/project_1/project_1.runs/impl_1/CPUDownload.bit} [get_hw_devices xc7a100t_0]
program_hw_devices [get_hw_devices xc7a100t_0]
INFO: [Labtools 27-3164] End of startup status: HIGH
refresh_hw_device [lindex [get_hw_devices xc7a100t_0] 0]
INFO: [Labtools 27-1434] Device xc7a100t (JTAG device index = 0) is programmed with a design that has no supported debug core(s) in it.
close_hw
close_sim
INFO: [Simtcl 6-16] Simulation closed
exit
INFO: [Common 17-206] Exiting Vivado at Mon May 23 15:24:05 2022...
