Vivado Simulator 2019.1
Copyright 1986-1999, 2001-2019 Xilinx, Inc. All Rights Reserved.
Running: D:/Xilinx/Vivado/2019.1/bin/unwrapped/win64.o/xelab.exe -wto c7d8f2f68fe946f18b662aa69e8ee8e3 --incr --debug typical --relax --mt 2 -L dist_mem_gen_v8_0_13 -L xil_defaultlib -L unisims_ver -L unimacro_ver -L secureip -L xpm --snapshot test_behav xil_defaultlib.test xil_defaultlib.glbl -log elaborate.log 
Using 2 slave threads.
Starting static elaboration
WARNING: [VRFC 10-3091] actual bit length 4 differs from formal bit length 3 for port 's' [D:/CodeTry/CODExperiment/Lab6/project_1/project_1.srcs/sim_1/new/test.v:455]
WARNING: [VRFC 10-3091] actual bit length 9 differs from formal bit length 8 for port 'a' [D:/CodeTry/CODExperiment/Lab6/project_1/project_1.srcs/sim_1/new/test.v:456]
WARNING: [VRFC 10-3091] actual bit length 32 differs from formal bit length 5 for port 'wa' [D:/CodeTry/CODExperiment/Lab6/project_1/project_1.srcs/sim_1/new/test.v:457]
WARNING: [VRFC 10-3091] actual bit length 9 differs from formal bit length 8 for port 'a' [D:/CodeTry/CODExperiment/Lab6/project_1/project_1.srcs/sim_1/new/test.v:462]
Completed static elaboration
Starting simulation data flow analysis
Completed simulation data flow analysis
Time Resolution for simulation is 1ps
Compiling module xil_defaultlib.ImmGen
Compiling module xil_defaultlib.alu
Compiling module dist_mem_gen_v8_0_13.dist_mem_gen_v8_0_13(C_FAMILY="a...
Compiling module xil_defaultlib.InstMem
Compiling module xil_defaultlib.register_file
Compiling module dist_mem_gen_v8_0_13.dist_mem_gen_v8_0_13(C_FAMILY="a...
Compiling module xil_defaultlib.DataMem
Compiling module xil_defaultlib.test
Compiling module xil_defaultlib.glbl
Built simulation snapshot test_behav
