#-----------------------------------------------------------
# Vivado v2019.1 (64-bit)
# SW Build 2552052 on Fri May 24 14:49:42 MDT 2019
# IP Build 2548770 on Fri May 24 18:01:18 MDT 2019
# Start of session at: Mon Apr 11 10:24:45 2022
# Process ID: 32332
# Current directory: D:/CodeTry/CODExperiment/Lab4/project_1
# Command line: vivado.exe -gui_launcher_event rodinguilauncherevent30264 D:\CodeTry\CODExperiment\Lab4\project_1\project_1.xpr
# Log file: D:/CodeTry/CODExperiment/Lab4/project_1/vivado.log
# Journal file: D:/CodeTry/CODExperiment/Lab4/project_1\vivado.jou
#-----------------------------------------------------------
start_gui
open_project D:/CodeTry/CODExperiment/Lab4/project_1/project_1.xpr
Scanning sources...
Finished scanning sources
INFO: [IP_Flow 19-234] Refreshing IP repositories
INFO: [IP_Flow 19-1704] No user IP repositories specified
INFO: [IP_Flow 19-2313] Loaded Vivado IP repository 'D:/Xilinx/Vivado/2019.1/data/ip'.
update_compile_order -fileset sources_1
create_ip -name dist_mem_gen -vendor xilinx.com -library ip -version 8.0 -module_name InstMem -dir d:/CodeTry/CODExperiment/Lab4/project_1/project_1.srcs/sources_1/ip
set_property -dict [list CONFIG.depth {256} CONFIG.data_width {32} CONFIG.Component_Name {InstMem} CONFIG.memory_type {rom} CONFIG.coefficient_file {D:/CodeTry/CODExperiment/Lab4/coe/test.coe}] [get_ips InstMem]
WARNING: [Vivado 12-3523] Attempt to change 'Component_Name' from 'InstMem' to 'InstMem' is not allowed and is ignored.
INFO: [IP_Flow 19-3484] Absolute path of file 'd:/CodeTry/CODExperiment/Lab4/coe/test.coe' provided. It will be converted relative to IP Instance files '../../../../../coe/test.coe'
generate_target {instantiation_template} [get_files d:/CodeTry/CODExperiment/Lab4/project_1/project_1.srcs/sources_1/ip/InstMem/InstMem.xci]
INFO: [IP_Flow 19-1686] Generating 'Instantiation Template' target for IP 'InstMem'...
generate_target all [get_files  d:/CodeTry/CODExperiment/Lab4/project_1/project_1.srcs/sources_1/ip/InstMem/InstMem.xci]
INFO: [IP_Flow 19-1686] Generating 'Synthesis' target for IP 'InstMem'...
INFO: [IP_Flow 19-1686] Generating 'Simulation' target for IP 'InstMem'...
INFO: [IP_Flow 19-1686] Generating 'Change Log' target for IP 'InstMem'...
catch { config_ip_cache -export [get_ips -all InstMem] }
export_ip_user_files -of_objects [get_files d:/CodeTry/CODExperiment/Lab4/project_1/project_1.srcs/sources_1/ip/InstMem/InstMem.xci] -no_script -sync -force -quiet
create_ip_run [get_files -of_objects [get_fileset sources_1] d:/CodeTry/CODExperiment/Lab4/project_1/project_1.srcs/sources_1/ip/InstMem/InstMem.xci]
launch_runs -jobs 6 InstMem_synth_1
[Mon Apr 11 10:27:10 2022] Launched InstMem_synth_1...
Run output will be captured here: D:/CodeTry/CODExperiment/Lab4/project_1/project_1.runs/InstMem_synth_1/runme.log
export_simulation -of_objects [get_files d:/CodeTry/CODExperiment/Lab4/project_1/project_1.srcs/sources_1/ip/InstMem/InstMem.xci] -directory D:/CodeTry/CODExperiment/Lab4/project_1/project_1.ip_user_files/sim_scripts -ip_user_files_dir D:/CodeTry/CODExperiment/Lab4/project_1/project_1.ip_user_files -ipstatic_source_dir D:/CodeTry/CODExperiment/Lab4/project_1/project_1.ip_user_files/ipstatic -lib_map_path [list {modelsim=D:/CodeTry/CODExperiment/Lab4/project_1/project_1.cache/compile_simlib/modelsim} {questa=D:/CodeTry/CODExperiment/Lab4/project_1/project_1.cache/compile_simlib/questa} {riviera=D:/CodeTry/CODExperiment/Lab4/project_1/project_1.cache/compile_simlib/riviera} {activehdl=D:/CodeTry/CODExperiment/Lab4/project_1/project_1.cache/compile_simlib/activehdl}] -use_ip_compiled_libs -force -quiet
update_compile_order -fileset sources_1
update_compile_order -fileset sources_1
update_compile_order -fileset sources_1
update_compile_order -fileset sources_1
update_compile_order -fileset sources_1
update_compile_order -fileset sources_1
update_compile_order -fileset sources_1
update_compile_order -fileset sources_1
update_compile_order -fileset sources_1
update_compile_order -fileset sources_1
update_compile_order -fileset sources_1
update_compile_order -fileset sources_1
update_compile_order -fileset sources_1
update_compile_order -fileset sources_1
update_compile_order -fileset sources_1
update_compile_order -fileset sources_1
update_compile_order -fileset sources_1
update_compile_order -fileset sources_1
update_compile_order -fileset sources_1
update_compile_order -fileset sources_1
exit
INFO: [Common 17-206] Exiting Vivado at Mon Apr 11 16:37:27 2022...
