#-----------------------------------------------------------
# Vivado v2019.1 (64-bit)
# SW Build 2552052 on Fri May 24 14:49:42 MDT 2019
# IP Build 2548770 on Fri May 24 18:01:18 MDT 2019
# Start of session at: Mon Apr 11 22:42:44 2022
# Process ID: 10180
# Current directory: D:/CodeTry/CODExperiment/Lab4/project_1
# Command line: vivado.exe -gui_launcher_event rodinguilauncherevent39276 D:\CodeTry\CODExperiment\Lab4\project_1\project_1.xpr
# Log file: D:/CodeTry/CODExperiment/Lab4/project_1/vivado.log
# Journal file: D:/CodeTry/CODExperiment/Lab4/project_1\vivado.jou
#-----------------------------------------------------------
start_gui
open_project D:/CodeTry/CODExperiment/Lab4/project_1/project_1.xpr
CRITICAL WARNING: [Project 1-19] Could not find the file 'D:/CodeTry/CODExperiment/Lab4/IMem.v'.
CRITICAL WARNING: [Project 1-19] Could not find the file 'D:/CodeTry/CODExperiment/Lab4/DMem.v'.
Scanning sources...
Finished scanning sources
INFO: [IP_Flow 19-234] Refreshing IP repositories
INFO: [IP_Flow 19-1704] No user IP repositories specified
INFO: [IP_Flow 19-2313] Loaded Vivado IP repository 'D:/Xilinx/Vivado/2019.1/data/ip'.
update_compile_order -fileset sources_1
export_ip_user_files -of_objects  [get_files D:/CodeTry/CODExperiment/Lab4/DMem.v] -no_script -reset -force -quiet
export_ip_user_files -of_objects  [get_files D:/CodeTry/CODExperiment/Lab4/IMem.v] -no_script -reset -force -quiet
remove_files  {D:/CodeTry/CODExperiment/Lab4/DMem.v D:/CodeTry/CODExperiment/Lab4/IMem.v}
add_files -norecurse D:/CodeTry/CODExperiment/Lab4/ImmGen.v
update_compile_order -fileset sources_1
update_compile_order -fileset sources_1
update_compile_order -fileset sources_1
update_compile_order -fileset sources_1
exit
INFO: [Common 17-206] Exiting Vivado at Tue Apr 12 00:15:53 2022...
