INFO: [VRFC 10-2263] Analyzing Verilog file "D:/CodeTry/CODExperiment/Lab5/project_1/project_1.srcs/sources_1/ip/DataMem/sim/DataMem.v" into library xil_defaultlib
INFO: [VRFC 10-311] analyzing module DataMem
INFO: [VRFC 10-2263] Analyzing Verilog file "D:/CodeTry/CODExperiment/Lab5/project_1/project_1.srcs/sources_1/ip/Data_Mem_DualPorts/sim/Data_Mem_DualPorts.v" into library xil_defaultlib
INFO: [VRFC 10-311] analyzing module Data_Mem_DualPorts
INFO: [VRFC 10-2263] Analyzing Verilog file "D:/CodeTry/CODExperiment/Lab5/project_1/project_1.srcs/sources_1/ip/InstMemoryTest/sim/InstMemoryTest.v" into library xil_defaultlib
INFO: [VRFC 10-311] analyzing module InstMemoryTest
INFO: [VRFC 10-2263] Analyzing Verilog file "D:/CodeTry/CODExperiment/Lab5/project_1/project_1.srcs/sources_1/ip/InstMem/sim/InstMem.v" into library xil_defaultlib
INFO: [VRFC 10-311] analyzing module InstMem
INFO: [VRFC 10-2263] Analyzing Verilog file "D:/CodeTry/CODExperiment/Lab5/ALU.v" into library xil_defaultlib
INFO: [VRFC 10-311] analyzing module alu
INFO: [VRFC 10-2263] Analyzing Verilog file "D:/CodeTry/CODExperiment/Lab5/ImmGen.v" into library xil_defaultlib
INFO: [VRFC 10-311] analyzing module ImmGen
INFO: [VRFC 10-2263] Analyzing Verilog file "D:/CodeTry/CODExperiment/Lab5/cpu.v" into library xil_defaultlib
INFO: [VRFC 10-311] analyzing module cpu
INFO: [VRFC 10-2458] undeclared symbol LW, assumed default net type wire [D:/CodeTry/CODExperiment/Lab5/cpu.v:192]
INFO: [VRFC 10-2458] undeclared symbol SW, assumed default net type wire [D:/CodeTry/CODExperiment/Lab5/cpu.v:195]
INFO: [VRFC 10-2263] Analyzing Verilog file "D:/CodeTry/CODExperiment/Lab5/cpuDownload.v" into library xil_defaultlib
INFO: [VRFC 10-311] analyzing module CPUDownload
INFO: [VRFC 10-2263] Analyzing Verilog file "D:/CodeTry/CODExperiment/Lab5/register_32_32.v" into library xil_defaultlib
INFO: [VRFC 10-311] analyzing module register_file
INFO: [VRFC 10-2263] Analyzing Verilog file "D:/CodeTry/CODExperiment/Lab5/pdu-v1.1.v" into library xil_defaultlib
INFO: [VRFC 10-311] analyzing module pdu
INFO: [VRFC 10-2263] Analyzing Verilog file "D:/CodeTry/CODExperiment/Lab5/project_1/project_1.srcs/sim_1/new/test.v" into library xil_defaultlib
INFO: [VRFC 10-311] analyzing module test
INFO: [VRFC 10-2458] undeclared symbol LW, assumed default net type wire [D:/CodeTry/CODExperiment/Lab5/project_1/project_1.srcs/sim_1/new/test.v:226]
INFO: [VRFC 10-2458] undeclared symbol SW, assumed default net type wire [D:/CodeTry/CODExperiment/Lab5/project_1/project_1.srcs/sim_1/new/test.v:229]
