Vivado Simulator 2019.1
Time resolution is 1 ps
WARNING: This core is supplied with a behavioral model. To model cycle-accurate behavior you must run timing simulation.
WARNING: This core is supplied with a behavioral model. To model cycle-accurate behavior you must run timing simulation.
WARNING in test.DataMem.inst at time                 5100 ns: 
Reading from out-of-range address. Max address in test.DataMem.inst is         255
WARNING in test.DataMem.inst at time                 7300 ns: 
Reading from out-of-range address. Max address in test.DataMem.inst is         255
WARNING in test.DataMem.inst at time                 9500 ns: 
Reading from out-of-range address. Max address in test.DataMem.inst is         255
WARNING in test.DataMem.inst at time                11700 ns: 
Reading from out-of-range address. Max address in test.DataMem.inst is         255
WARNING in test.DataMem.inst at time                13900 ns: 
Reading from out-of-range address. Max address in test.DataMem.inst is         255
WARNING in test.DataMem.inst at time                16100 ns: 
Reading from out-of-range address. Max address in test.DataMem.inst is         255
WARNING in test.DataMem.inst at time                18300 ns: 
Reading from out-of-range address. Max address in test.DataMem.inst is         255
WARNING in test.DataMem.inst at time                20500 ns: 
Reading from out-of-range address. Max address in test.DataMem.inst is         255
WARNING in test.DataMem.inst at time                22700 ns: 
Reading from out-of-range address. Max address in test.DataMem.inst is         255
WARNING in test.DataMem.inst at time                24900 ns: 
Reading from out-of-range address. Max address in test.DataMem.inst is         255
WARNING in test.DataMem.inst at time                27100 ns: 
Reading from out-of-range address. Max address in test.DataMem.inst is         255
WARNING in test.DataMem.inst at time                29300 ns: 
Reading from out-of-range address. Max address in test.DataMem.inst is         255
WARNING in test.DataMem.inst at time                31500 ns: 
Reading from out-of-range address. Max address in test.DataMem.inst is         255
WARNING in test.DataMem.inst at time                33700 ns: 
Reading from out-of-range address. Max address in test.DataMem.inst is         255
WARNING in test.DataMem.inst at time                35900 ns: 
Reading from out-of-range address. Max address in test.DataMem.inst is         255
WARNING in test.DataMem.inst at time                40700 ns: 
Reading from out-of-range address. Max address in test.DataMem.inst is         255
WARNING in test.DataMem.inst at time                42900 ns: 
Reading from out-of-range address. Max address in test.DataMem.inst is         255
WARNING in test.DataMem.inst at time                45100 ns: 
Reading from out-of-range address. Max address in test.DataMem.inst is         255
WARNING in test.DataMem.inst at time                47300 ns: 
Reading from out-of-range address. Max address in test.DataMem.inst is         255
WARNING in test.DataMem.inst at time                49500 ns: 
Reading from out-of-range address. Max address in test.DataMem.inst is         255
WARNING in test.DataMem.inst at time                51700 ns: 
Reading from out-of-range address. Max address in test.DataMem.inst is         255
WARNING in test.DataMem.inst at time                53900 ns: 
Reading from out-of-range address. Max address in test.DataMem.inst is         255
WARNING in test.DataMem.inst at time                56100 ns: 
Reading from out-of-range address. Max address in test.DataMem.inst is         255
WARNING in test.DataMem.inst at time                58300 ns: 
Reading from out-of-range address. Max address in test.DataMem.inst is         255
WARNING in test.DataMem.inst at time                60500 ns: 
Reading from out-of-range address. Max address in test.DataMem.inst is         255
WARNING in test.DataMem.inst at time                62700 ns: 
Reading from out-of-range address. Max address in test.DataMem.inst is         255
WARNING in test.DataMem.inst at time                64900 ns: 
Reading from out-of-range address. Max address in test.DataMem.inst is         255
WARNING in test.DataMem.inst at time                67100 ns: 
Reading from out-of-range address. Max address in test.DataMem.inst is         255
WARNING in test.DataMem.inst at time                69300 ns: 
Reading from out-of-range address. Max address in test.DataMem.inst is         255
WARNING in test.DataMem.inst at time                74100 ns: 
Reading from out-of-range address. Max address in test.DataMem.inst is         255
WARNING in test.DataMem.inst at time                76300 ns: 
Reading from out-of-range address. Max address in test.DataMem.inst is         255
WARNING in test.DataMem.inst at time                78500 ns: 
Reading from out-of-range address. Max address in test.DataMem.inst is         255
WARNING in test.DataMem.inst at time                80700 ns: 
Reading from out-of-range address. Max address in test.DataMem.inst is         255
WARNING in test.DataMem.inst at time                82900 ns: 
Reading from out-of-range address. Max address in test.DataMem.inst is         255
WARNING in test.DataMem.inst at time                85100 ns: 
Reading from out-of-range address. Max address in test.DataMem.inst is         255
WARNING in test.DataMem.inst at time                87300 ns: 
Reading from out-of-range address. Max address in test.DataMem.inst is         255
WARNING in test.DataMem.inst at time                89500 ns: 
Reading from out-of-range address. Max address in test.DataMem.inst is         255
WARNING in test.DataMem.inst at time                91700 ns: 
Reading from out-of-range address. Max address in test.DataMem.inst is         255
WARNING in test.DataMem.inst at time                93900 ns: 
Reading from out-of-range address. Max address in test.DataMem.inst is         255
WARNING in test.DataMem.inst at time                96100 ns: 
Reading from out-of-range address. Max address in test.DataMem.inst is         255
WARNING in test.DataMem.inst at time                98300 ns: 
Reading from out-of-range address. Max address in test.DataMem.inst is         255
WARNING in test.DataMem.inst at time               100500 ns: 
Reading from out-of-range address. Max address in test.DataMem.inst is         255
WARNING in test.DataMem.inst at time               105300 ns: 
Reading from out-of-range address. Max address in test.DataMem.inst is         255
WARNING in test.DataMem.inst at time               107500 ns: 
Reading from out-of-range address. Max address in test.DataMem.inst is         255
WARNING in test.DataMem.inst at time               109700 ns: 
Reading from out-of-range address. Max address in test.DataMem.inst is         255
WARNING in test.DataMem.inst at time               111900 ns: 
Reading from out-of-range address. Max address in test.DataMem.inst is         255
WARNING in test.DataMem.inst at time               114100 ns: 
Reading from out-of-range address. Max address in test.DataMem.inst is         255
WARNING in test.DataMem.inst at time               116300 ns: 
Reading from out-of-range address. Max address in test.DataMem.inst is         255
WARNING in test.DataMem.inst at time               118500 ns: 
Reading from out-of-range address. Max address in test.DataMem.inst is         255
WARNING in test.DataMem.inst at time               120700 ns: 
Reading from out-of-range address. Max address in test.DataMem.inst is         255
WARNING in test.DataMem.inst at time               122900 ns: 
Reading from out-of-range address. Max address in test.DataMem.inst is         255
WARNING in test.DataMem.inst at time               125100 ns: 
Reading from out-of-range address. Max address in test.DataMem.inst is         255
WARNING in test.DataMem.inst at time               127300 ns: 
Reading from out-of-range address. Max address in test.DataMem.inst is         255
WARNING in test.DataMem.inst at time               129500 ns: 
Reading from out-of-range address. Max address in test.DataMem.inst is         255
WARNING in test.DataMem.inst at time               134300 ns: 
Reading from out-of-range address. Max address in test.DataMem.inst is         255
WARNING in test.DataMem.inst at time               136500 ns: 
Reading from out-of-range address. Max address in test.DataMem.inst is         255
WARNING in test.DataMem.inst at time               138700 ns: 
Reading from out-of-range address. Max address in test.DataMem.inst is         255
WARNING in test.DataMem.inst at time               140900 ns: 
Reading from out-of-range address. Max address in test.DataMem.inst is         255
WARNING in test.DataMem.inst at time               143100 ns: 
Reading from out-of-range address. Max address in test.DataMem.inst is         255
WARNING in test.DataMem.inst at time               145300 ns: 
Reading from out-of-range address. Max address in test.DataMem.inst is         255
WARNING in test.DataMem.inst at time               147500 ns: 
Reading from out-of-range address. Max address in test.DataMem.inst is         255
WARNING in test.DataMem.inst at time               149700 ns: 
Reading from out-of-range address. Max address in test.DataMem.inst is         255
WARNING in test.DataMem.inst at time               151900 ns: 
Reading from out-of-range address. Max address in test.DataMem.inst is         255
WARNING in test.DataMem.inst at time               154100 ns: 
Reading from out-of-range address. Max address in test.DataMem.inst is         255
WARNING in test.DataMem.inst at time               156300 ns: 
Reading from out-of-range address. Max address in test.DataMem.inst is         255
WARNING in test.DataMem.inst at time               161100 ns: 
Reading from out-of-range address. Max address in test.DataMem.inst is         255
WARNING in test.DataMem.inst at time               163300 ns: 
Reading from out-of-range address. Max address in test.DataMem.inst is         255
WARNING in test.DataMem.inst at time               165500 ns: 
Reading from out-of-range address. Max address in test.DataMem.inst is         255
WARNING in test.DataMem.inst at time               167700 ns: 
Reading from out-of-range address. Max address in test.DataMem.inst is         255
WARNING in test.DataMem.inst at time               169900 ns: 
Reading from out-of-range address. Max address in test.DataMem.inst is         255
WARNING in test.DataMem.inst at time               172100 ns: 
Reading from out-of-range address. Max address in test.DataMem.inst is         255
WARNING in test.DataMem.inst at time               174300 ns: 
Reading from out-of-range address. Max address in test.DataMem.inst is         255
WARNING in test.DataMem.inst at time               176500 ns: 
Reading from out-of-range address. Max address in test.DataMem.inst is         255
WARNING in test.DataMem.inst at time               178700 ns: 
Reading from out-of-range address. Max address in test.DataMem.inst is         255
WARNING in test.DataMem.inst at time               180900 ns: 
Reading from out-of-range address. Max address in test.DataMem.inst is         255
WARNING in test.DataMem.inst at time               185700 ns: 
Reading from out-of-range address. Max address in test.DataMem.inst is         255
WARNING in test.DataMem.inst at time               187900 ns: 
Reading from out-of-range address. Max address in test.DataMem.inst is         255
WARNING in test.DataMem.inst at time               190100 ns: 
Reading from out-of-range address. Max address in test.DataMem.inst is         255
WARNING in test.DataMem.inst at time               192300 ns: 
Reading from out-of-range address. Max address in test.DataMem.inst is         255
WARNING in test.DataMem.inst at time               194500 ns: 
Reading from out-of-range address. Max address in test.DataMem.inst is         255
WARNING in test.DataMem.inst at time               196700 ns: 
Reading from out-of-range address. Max address in test.DataMem.inst is         255
WARNING in test.DataMem.inst at time               198900 ns: 
Reading from out-of-range address. Max address in test.DataMem.inst is         255
WARNING in test.DataMem.inst at time               201100 ns: 
Reading from out-of-range address. Max address in test.DataMem.inst is         255
WARNING in test.DataMem.inst at time               203300 ns: 
Reading from out-of-range address. Max address in test.DataMem.inst is         255
WARNING in test.DataMem.inst at time               208100 ns: 
Reading from out-of-range address. Max address in test.DataMem.inst is         255
WARNING in test.DataMem.inst at time               210300 ns: 
Reading from out-of-range address. Max address in test.DataMem.inst is         255
WARNING in test.DataMem.inst at time               212500 ns: 
Reading from out-of-range address. Max address in test.DataMem.inst is         255
WARNING in test.DataMem.inst at time               214700 ns: 
Reading from out-of-range address. Max address in test.DataMem.inst is         255
WARNING in test.DataMem.inst at time               216900 ns: 
Reading from out-of-range address. Max address in test.DataMem.inst is         255
WARNING in test.DataMem.inst at time               219100 ns: 
Reading from out-of-range address. Max address in test.DataMem.inst is         255
WARNING in test.DataMem.inst at time               221300 ns: 
Reading from out-of-range address. Max address in test.DataMem.inst is         255
WARNING in test.DataMem.inst at time               223500 ns: 
Reading from out-of-range address. Max address in test.DataMem.inst is         255
WARNING in test.DataMem.inst at time               228300 ns: 
Reading from out-of-range address. Max address in test.DataMem.inst is         255
WARNING in test.DataMem.inst at time               230500 ns: 
Reading from out-of-range address. Max address in test.DataMem.inst is         255
WARNING in test.DataMem.inst at time               232700 ns: 
Reading from out-of-range address. Max address in test.DataMem.inst is         255
WARNING in test.DataMem.inst at time               234900 ns: 
Reading from out-of-range address. Max address in test.DataMem.inst is         255
WARNING in test.DataMem.inst at time               237100 ns: 
Reading from out-of-range address. Max address in test.DataMem.inst is         255
WARNING in test.DataMem.inst at time               239300 ns: 
Reading from out-of-range address. Max address in test.DataMem.inst is         255
WARNING in test.DataMem.inst at time               241500 ns: 
Reading from out-of-range address. Max address in test.DataMem.inst is         255
WARNING in test.DataMem.inst at time               246300 ns: 
Reading from out-of-range address. Max address in test.DataMem.inst is         255
WARNING in test.DataMem.inst at time               248500 ns: 
Reading from out-of-range address. Max address in test.DataMem.inst is         255
WARNING in test.DataMem.inst at time               250700 ns: 
Reading from out-of-range address. Max address in test.DataMem.inst is         255
WARNING in test.DataMem.inst at time               252900 ns: 
Reading from out-of-range address. Max address in test.DataMem.inst is         255
WARNING in test.DataMem.inst at time               255100 ns: 
Reading from out-of-range address. Max address in test.DataMem.inst is         255
WARNING in test.DataMem.inst at time               257300 ns: 
Reading from out-of-range address. Max address in test.DataMem.inst is         255
WARNING in test.DataMem.inst at time               262100 ns: 
Reading from out-of-range address. Max address in test.DataMem.inst is         255
WARNING in test.DataMem.inst at time               264300 ns: 
Reading from out-of-range address. Max address in test.DataMem.inst is         255
WARNING in test.DataMem.inst at time               266500 ns: 
Reading from out-of-range address. Max address in test.DataMem.inst is         255
WARNING in test.DataMem.inst at time               268700 ns: 
Reading from out-of-range address. Max address in test.DataMem.inst is         255
WARNING in test.DataMem.inst at time               270900 ns: 
Reading from out-of-range address. Max address in test.DataMem.inst is         255
WARNING in test.DataMem.inst at time               275700 ns: 
Reading from out-of-range address. Max address in test.DataMem.inst is         255
WARNING in test.DataMem.inst at time               277900 ns: 
Reading from out-of-range address. Max address in test.DataMem.inst is         255
WARNING in test.DataMem.inst at time               280100 ns: 
Reading from out-of-range address. Max address in test.DataMem.inst is         255
WARNING in test.DataMem.inst at time               282300 ns: 
Reading from out-of-range address. Max address in test.DataMem.inst is         255
WARNING in test.DataMem.inst at time               287100 ns: 
Reading from out-of-range address. Max address in test.DataMem.inst is         255
WARNING in test.DataMem.inst at time               289300 ns: 
Reading from out-of-range address. Max address in test.DataMem.inst is         255
WARNING in test.DataMem.inst at time               291500 ns: 
Reading from out-of-range address. Max address in test.DataMem.inst is         255
WARNING in test.DataMem.inst at time               296300 ns: 
Reading from out-of-range address. Max address in test.DataMem.inst is         255
WARNING in test.DataMem.inst at time               298500 ns: 
Reading from out-of-range address. Max address in test.DataMem.inst is         255
WARNING in test.DataMem.inst at time               303300 ns: 
Reading from out-of-range address. Max address in test.DataMem.inst is         255
