#-----------------------------------------------------------
# Vivado v2019.1 (64-bit)
# SW Build 2552052 on Fri May 24 14:49:42 MDT 2019
# IP Build 2548770 on Fri May 24 18:01:18 MDT 2019
# Start of session at: Sun Mar 20 22:09:23 2022
# Process ID: 38136
# Current directory: D:/Code Try/CODExperiment/Lab1/project_1
# Command line: vivado.exe -gui_launcher_event rodinguilauncherevent43764 D:\Code Try\CODExperiment\Lab1\project_1\project_1.xpr
# Log file: D:/Code Try/CODExperiment/Lab1/project_1/vivado.log
# Journal file: D:/Code Try/CODExperiment/Lab1/project_1\vivado.jou
#-----------------------------------------------------------
start_gui
open_project {D:/Code Try/CODExperiment/Lab1/project_1/project_1.xpr}
Scanning sources...
Finished scanning sources
INFO: [IP_Flow 19-234] Refreshing IP repositories
INFO: [IP_Flow 19-1704] No user IP repositories specified
INFO: [IP_Flow 19-2313] Loaded Vivado IP repository 'D:/Xilinx/Vivado/2019.1/data/ip'.
update_compile_order -fileset sources_1
add_files -norecurse {{D:/Code Try/CODExperiment/Lab1/ALU3_32bits.v}}
update_compile_order -fileset sources_1
set_property top alu3 [current_fileset]
update_compile_order -fileset sources_1
reset_run synth_1
launch_runs impl_1 -to_step write_bitstream -jobs 9
[Sun Mar 20 22:11:49 2022] Launched synth_1...
Run output will be captured here: D:/Code Try/CODExperiment/Lab1/project_1/project_1.runs/synth_1/runme.log
[Sun Mar 20 22:11:49 2022] Launched impl_1...
Run output will be captured here: D:/Code Try/CODExperiment/Lab1/project_1/project_1.runs/impl_1/runme.log
open_hw
connect_hw_server
INFO: [Labtools 27-2285] Connecting to hw_server url TCP:localhost:3121
INFO: [Labtools 27-2222] Launching hw_server...
INFO: [Labtools 27-2221] Launch Output:

****** Xilinx hw_server v2019.1
  **** Build date : May 24 2019 at 15:13:31
    ** Copyright 1986-2019 Xilinx, Inc. All Rights Reserved.


open_hw_target
INFO: [Labtoolstcl 44-466] Opening hw_target localhost:3121/xilinx_tcf/Digilent/210292ABF974A
set_property PROGRAM.FILE {D:/Code Try/CODExperiment/Lab1/project_1/project_1.runs/impl_1/alu3.bit} [get_hw_devices xc7a100t_0]
current_hw_device [get_hw_devices xc7a100t_0]
refresh_hw_device -update_hw_probes false [lindex [get_hw_devices xc7a100t_0] 0]
INFO: [Labtools 27-1435] Device xc7a100t (JTAG device index = 0) is not programmed (DONE status = 0).
set_property PROBES.FILE {} [get_hw_devices xc7a100t_0]
set_property FULL_PROBES.FILE {} [get_hw_devices xc7a100t_0]
set_property PROGRAM.FILE {D:/Code Try/CODExperiment/Lab1/project_1/project_1.runs/impl_1/alu3.bit} [get_hw_devices xc7a100t_0]
program_hw_devices [get_hw_devices xc7a100t_0]
INFO: [Labtools 27-3164] End of startup status: HIGH
refresh_hw_device [lindex [get_hw_devices xc7a100t_0] 0]
INFO: [Labtools 27-1434] Device xc7a100t (JTAG device index = 0) is programmed with a design that has no supported debug core(s) in it.
ERROR: [Labtoolstcl 44-513] HW Target shutdown. Closing target: localhost:3121/xilinx_tcf/Digilent/210292ABF974A
exit
INFO: [Common 17-206] Exiting Vivado at Sun Mar 20 22:19:48 2022...
