#-----------------------------------------------------------
# Vivado v2019.1 (64-bit)
# SW Build 2552052 on Fri May 24 14:49:42 MDT 2019
# IP Build 2548770 on Fri May 24 18:01:18 MDT 2019
# Start of session at: Mon Mar 28 22:42:17 2022
# Process ID: 56428
# Current directory: D:/Code Try/CODExperiment/Lab2/project_1
# Command line: vivado.exe -gui_launcher_event rodinguilauncherevent52596 D:\Code Try\CODExperiment\Lab2\project_1\project_1.xpr
# Log file: D:/Code Try/CODExperiment/Lab2/project_1/vivado.log
# Journal file: D:/Code Try/CODExperiment/Lab2/project_1\vivado.jou
#-----------------------------------------------------------
start_gui
open_project {D:/Code Try/CODExperiment/Lab2/project_1/project_1.xpr}
Scanning sources...
Finished scanning sources
INFO: [IP_Flow 19-234] Refreshing IP repositories
INFO: [IP_Flow 19-1704] No user IP repositories specified
INFO: [IP_Flow 19-2313] Loaded Vivado IP repository 'D:/Xilinx/Vivado/2019.1/data/ip'.
update_compile_order -fileset sources_1
update_compile_order -fileset sim_1
set_property SOURCE_SET sources_1 [get_filesets sim_1]
close [ open {D:/Code Try/CODExperiment/Lab2/project_1/project_1.srcs/sim_1/new/asd.v} w ]
add_files -fileset sim_1 {{D:/Code Try/CODExperiment/Lab2/project_1/project_1.srcs/sim_1/new/asd.v}}
update_compile_order -fileset sim_1
set_property top asd [get_filesets sim_1]
set_property top_lib xil_defaultlib [get_filesets sim_1]
update_compile_order -fileset sim_1
launch_simulation
INFO: [Vivado 12-5698] Checking validity of IPs in the design for the 'XSim' simulator...
INFO: [Vivado 12-5682] Launching behavioral simulation in 'D:/Code Try/CODExperiment/Lab2/project_1/project_1.sim/sim_1/behav/xsim'
INFO: [Vivado 12-4795] Using compiled simulation libraries for IPs
INFO: [SIM-utils-51] Simulation object is 'sim_1'
INFO: [USF-XSim-7] Finding pre-compiled libraries...
INFO: [USF-XSim-11] File 'D:/Xilinx/Vivado/2019.1/data/xsim/xsim.ini' copied to run dir:'D:/Code Try/CODExperiment/Lab2/project_1/project_1.sim/sim_1/behav/xsim'
INFO: [SIM-utils-54] Inspecting design source files for 'asd' in fileset 'sim_1'...
INFO: [SIM-utils-43] Exported 'D:/Code Try/CODExperiment/Lab2/project_1/project_1.sim/sim_1/behav/xsim/dist_mem_256_16.mif'
INFO: [SIM-utils-43] Exported 'D:/Code Try/CODExperiment/Lab2/project_1/project_1.sim/sim_1/behav/xsim/DistMemCoe.coe'
INFO: [USF-XSim-97] Finding global include files...
INFO: [USF-XSim-98] Fetching design files from 'sim_1'...
INFO: [USF-XSim-2] XSim::Compile design
INFO: [USF-XSim-61] Executing 'COMPILE and ANALYZE' step in 'D:/Code Try/CODExperiment/Lab2/project_1/project_1.sim/sim_1/behav/xsim'
"xvlog --incr --relax -prj asd_vlog.prj"
INFO: [VRFC 10-2263] Analyzing Verilog file "D:/Code Try/CODExperiment/Lab2/project_1/project_1.srcs/sim_1/new/asd.v" into library xil_defaultlib
INFO: [VRFC 10-311] analyzing module asd
INFO: [USF-XSim-69] 'compile' step finished in '1' seconds
INFO: [USF-XSim-3] XSim::Elaborate design
INFO: [USF-XSim-61] Executing 'ELABORATE' step in 'D:/Code Try/CODExperiment/Lab2/project_1/project_1.sim/sim_1/behav/xsim'
"xelab -wto 9e4de33ea685422e93e8555a9b84a134 --incr --debug typical --relax --mt 2 -L dist_mem_gen_v8_0_13 -L xil_defaultlib -L unisims_ver -L unimacro_ver -L secureip -L xpm --snapshot asd_behav xil_defaultlib.asd xil_defaultlib.glbl -log elaborate.log"
INFO: [Common 17-41] Interrupt caught. Command should exit soon.
Vivado Simulator 2019.1
Copyright 1986-1999, 2001-2019 Xilinx, Inc. All Rights Reserved.
Running: D:/Xilinx/Vivado/2019.1/bin/unwrapped/win64.o/xelab.exe -wto 9e4de33ea685422e93e8555a9b84a134 --incr --debug typical --relax --mt 2 -L dist_mem_gen_v8_0_13 -L xil_defaultlib -L unisims_ver -L unimacro_ver -L secureip -L xpm --snapshot asd_behav xil_defaultlib.asd xil_defaultlib.glbl -log elaborate.log 
Using 2 slave threads.
Starting static elaboration
Completed static elaboration
Starting simulation data flow analysis
Completed simulation data flow analysis
Time Resolution for simulation is 1ps
Compiling module xil_defaultlib.encoder_16bits
Compiling module dist_mem_gen_v8_0_13.dist_mem_gen_v8_0_13(C_FAMILY="a...
Compiling module xil_defaultlib.dist_mem_256_16
Compiling module xil_defaultlib.asd
Compiling module xil_defaultlib.glbl
Built simulation snapshot asd_behav

****** Webtalk v2019.1 (64-bit)
  **** SW Build 2552052 on Fri May 24 14:49:42 MDT 2019
  **** IP Build 2548770 on Fri May 24 18:01:18 MDT 2019
    ** Copyright 1986-2019 Xilinx, Inc. All Rights Reserved.

source D:/Code -notrace
invalid command name "%"
    while executing
"% Total    % Received % Xferd  Average Speed   Time    Time     Time  Current"
    (file "D:/Code" line 1)
INFO: [Common 17-206] Exiting Webtalk at Mon Mar 28 22:44:32 2022...
INFO: [Common 17-344] 'run_program' was cancelled
INFO: [Vivado 12-5357] 'elaborate' step aborted
INFO: [Common 17-344] 'launch_simulation' was cancelled
launch_simulation
INFO: [Vivado 12-5698] Checking validity of IPs in the design for the 'XSim' simulator...
INFO: [Vivado 12-5682] Launching behavioral simulation in 'D:/Code Try/CODExperiment/Lab2/project_1/project_1.sim/sim_1/behav/xsim'
INFO: [Vivado 12-4795] Using compiled simulation libraries for IPs
INFO: [SIM-utils-51] Simulation object is 'sim_1'
INFO: [USF-XSim-7] Finding pre-compiled libraries...
INFO: [USF-XSim-11] File 'D:/Xilinx/Vivado/2019.1/data/xsim/xsim.ini' copied to run dir:'D:/Code Try/CODExperiment/Lab2/project_1/project_1.sim/sim_1/behav/xsim'
INFO: [SIM-utils-54] Inspecting design source files for 'asd' in fileset 'sim_1'...
INFO: [SIM-utils-43] Exported 'D:/Code Try/CODExperiment/Lab2/project_1/project_1.sim/sim_1/behav/xsim/dist_mem_256_16.mif'
INFO: [SIM-utils-43] Exported 'D:/Code Try/CODExperiment/Lab2/project_1/project_1.sim/sim_1/behav/xsim/DistMemCoe.coe'
INFO: [USF-XSim-97] Finding global include files...
INFO: [USF-XSim-98] Fetching design files from 'sim_1'...
INFO: [USF-XSim-2] XSim::Compile design
INFO: [USF-XSim-61] Executing 'COMPILE and ANALYZE' step in 'D:/Code Try/CODExperiment/Lab2/project_1/project_1.sim/sim_1/behav/xsim'
"xvlog --incr --relax -prj asd_vlog.prj"
INFO: [USF-XSim-69] 'compile' step finished in '1' seconds
INFO: [USF-XSim-3] XSim::Elaborate design
INFO: [USF-XSim-61] Executing 'ELABORATE' step in 'D:/Code Try/CODExperiment/Lab2/project_1/project_1.sim/sim_1/behav/xsim'
"xelab -wto 9e4de33ea685422e93e8555a9b84a134 --incr --debug typical --relax --mt 2 -L dist_mem_gen_v8_0_13 -L xil_defaultlib -L unisims_ver -L unimacro_ver -L secureip -L xpm --snapshot asd_behav xil_defaultlib.asd xil_defaultlib.glbl -log elaborate.log"
Vivado Simulator 2019.1
Copyright 1986-1999, 2001-2019 Xilinx, Inc. All Rights Reserved.
Running: D:/Xilinx/Vivado/2019.1/bin/unwrapped/win64.o/xelab.exe -wto 9e4de33ea685422e93e8555a9b84a134 --incr --debug typical --relax --mt 2 -L dist_mem_gen_v8_0_13 -L xil_defaultlib -L unisims_ver -L unimacro_ver -L secureip -L xpm --snapshot asd_behav xil_defaultlib.asd xil_defaultlib.glbl -log elaborate.log 
Using 2 slave threads.
Starting static elaboration
Completed static elaboration
INFO: [XSIM 43-4323] No Change in HDL. Linking previously generated obj files to create kernel
INFO: [USF-XSim-69] 'elaborate' step finished in '1' seconds
INFO: [USF-XSim-4] XSim::Simulate design
INFO: [USF-XSim-61] Executing 'SIMULATE' step in 'D:/Code Try/CODExperiment/Lab2/project_1/project_1.sim/sim_1/behav/xsim'
INFO: [USF-XSim-98] *** Running xsim
   with args "asd_behav -key {Behavioral:sim_1:Functional:asd} -tclbatch {asd.tcl} -log {simulate.log}"
INFO: [USF-XSim-8] Loading simulator feature
Vivado Simulator 2019.1
Time resolution is 1 ps
source asd.tcl
# set curr_wave [current_wave_config]
# if { [string length $curr_wave] == 0 } {
#   if { [llength [get_objects]] > 0} {
#     add_wave /
#     set_property needs_save false [current_wave_config]
#   } else {
#      send_msg_id Add_Wave-1 WARNING "No top level signals found. Simulator will start without a wave window. If you want to open a wave window go to 'File->New Waveform Configuration' or type 'create_wave_config' in the TCL console."
#   }
# }
# run 1000ns
WARNING: This core is supplied with a behavioral model. To model cycle-accurate behavior you must run timing simulation.
INFO: [USF-XSim-96] XSim completed. Design snapshot 'asd_behav' loaded.
INFO: [USF-XSim-97] XSim simulation ran for 1000ns
launch_simulation: Time (s): cpu = 00:00:07 ; elapsed = 00:00:06 . Memory (MB): peak = 973.969 ; gain = 0.000
close_sim
INFO: [Simtcl 6-16] Simulation closed
launch_simulation
INFO: [Vivado 12-5698] Checking validity of IPs in the design for the 'XSim' simulator...
INFO: [Vivado 12-5682] Launching behavioral simulation in 'D:/Code Try/CODExperiment/Lab2/project_1/project_1.sim/sim_1/behav/xsim'
INFO: [Vivado 12-4795] Using compiled simulation libraries for IPs
INFO: [SIM-utils-51] Simulation object is 'sim_1'
INFO: [USF-XSim-7] Finding pre-compiled libraries...
INFO: [USF-XSim-11] File 'D:/Xilinx/Vivado/2019.1/data/xsim/xsim.ini' copied to run dir:'D:/Code Try/CODExperiment/Lab2/project_1/project_1.sim/sim_1/behav/xsim'
INFO: [SIM-utils-54] Inspecting design source files for 'asd' in fileset 'sim_1'...
INFO: [SIM-utils-43] Exported 'D:/Code Try/CODExperiment/Lab2/project_1/project_1.sim/sim_1/behav/xsim/dist_mem_256_16.mif'
INFO: [SIM-utils-43] Exported 'D:/Code Try/CODExperiment/Lab2/project_1/project_1.sim/sim_1/behav/xsim/DistMemCoe.coe'
INFO: [USF-XSim-97] Finding global include files...
INFO: [USF-XSim-98] Fetching design files from 'sim_1'...
INFO: [USF-XSim-2] XSim::Compile design
INFO: [USF-XSim-61] Executing 'COMPILE and ANALYZE' step in 'D:/Code Try/CODExperiment/Lab2/project_1/project_1.sim/sim_1/behav/xsim'
"xvlog --incr --relax -prj asd_vlog.prj"
INFO: [VRFC 10-2263] Analyzing Verilog file "D:/Code Try/CODExperiment/Lab2/project_1/project_1.srcs/sources_1/ip/dist_mem_256_16/sim/dist_mem_256_16.v" into library xil_defaultlib
INFO: [VRFC 10-311] analyzing module dist_mem_256_16
INFO: [VRFC 10-2263] Analyzing Verilog file "D:/Code Try/CODExperiment/Lab2/encoder.v" into library xil_defaultlib
INFO: [VRFC 10-311] analyzing module encoder_16bits
INFO: [VRFC 10-2263] Analyzing Verilog file "D:/Code Try/CODExperiment/Lab2/project_1/project_1.srcs/sim_1/new/asd.v" into library xil_defaultlib
INFO: [VRFC 10-311] analyzing module asd
INFO: [USF-XSim-69] 'compile' step finished in '2' seconds
INFO: [USF-XSim-3] XSim::Elaborate design
INFO: [USF-XSim-61] Executing 'ELABORATE' step in 'D:/Code Try/CODExperiment/Lab2/project_1/project_1.sim/sim_1/behav/xsim'
"xelab -wto 9e4de33ea685422e93e8555a9b84a134 --incr --debug typical --relax --mt 2 -L dist_mem_gen_v8_0_13 -L xil_defaultlib -L unisims_ver -L unimacro_ver -L secureip -L xpm --snapshot asd_behav xil_defaultlib.asd xil_defaultlib.glbl -log elaborate.log"
Vivado Simulator 2019.1
Copyright 1986-1999, 2001-2019 Xilinx, Inc. All Rights Reserved.
Running: D:/Xilinx/Vivado/2019.1/bin/unwrapped/win64.o/xelab.exe -wto 9e4de33ea685422e93e8555a9b84a134 --incr --debug typical --relax --mt 2 -L dist_mem_gen_v8_0_13 -L xil_defaultlib -L unisims_ver -L unimacro_ver -L secureip -L xpm --snapshot asd_behav xil_defaultlib.asd xil_defaultlib.glbl -log elaborate.log 
Using 2 slave threads.
Starting static elaboration
Completed static elaboration
Starting simulation data flow analysis
Completed simulation data flow analysis
Time Resolution for simulation is 1ps
Compiling module xil_defaultlib.encoder_16bits
Compiling module dist_mem_gen_v8_0_13.dist_mem_gen_v8_0_13(C_FAMILY="a...
Compiling module xil_defaultlib.dist_mem_256_16
Compiling module xil_defaultlib.asd
Compiling module xil_defaultlib.glbl
Built simulation snapshot asd_behav
INFO: [USF-XSim-69] 'elaborate' step finished in '1' seconds
INFO: [USF-XSim-4] XSim::Simulate design
INFO: [USF-XSim-61] Executing 'SIMULATE' step in 'D:/Code Try/CODExperiment/Lab2/project_1/project_1.sim/sim_1/behav/xsim'
INFO: [USF-XSim-98] *** Running xsim
   with args "asd_behav -key {Behavioral:sim_1:Functional:asd} -tclbatch {asd.tcl} -log {simulate.log}"
INFO: [USF-XSim-8] Loading simulator feature
Vivado Simulator 2019.1
Time resolution is 1 ps
source asd.tcl
# set curr_wave [current_wave_config]
# if { [string length $curr_wave] == 0 } {
#   if { [llength [get_objects]] > 0} {
#     add_wave /
#     set_property needs_save false [current_wave_config]
#   } else {
#      send_msg_id Add_Wave-1 WARNING "No top level signals found. Simulator will start without a wave window. If you want to open a wave window go to 'File->New Waveform Configuration' or type 'create_wave_config' in the TCL console."
#   }
# }
# run 1000ns
WARNING: This core is supplied with a behavioral model. To model cycle-accurate behavior you must run timing simulation.
INFO: [USF-XSim-96] XSim completed. Design snapshot 'asd_behav' loaded.
INFO: [USF-XSim-97] XSim simulation ran for 1000ns
launch_simulation: Time (s): cpu = 00:00:03 ; elapsed = 00:00:06 . Memory (MB): peak = 973.969 ; gain = 0.000
close_sim
INFO: [Simtcl 6-16] Simulation closed
launch_simulation
INFO: [Vivado 12-5698] Checking validity of IPs in the design for the 'XSim' simulator...
INFO: [Vivado 12-5682] Launching behavioral simulation in 'D:/Code Try/CODExperiment/Lab2/project_1/project_1.sim/sim_1/behav/xsim'
INFO: [Vivado 12-4795] Using compiled simulation libraries for IPs
INFO: [SIM-utils-51] Simulation object is 'sim_1'
INFO: [USF-XSim-7] Finding pre-compiled libraries...
INFO: [USF-XSim-11] File 'D:/Xilinx/Vivado/2019.1/data/xsim/xsim.ini' copied to run dir:'D:/Code Try/CODExperiment/Lab2/project_1/project_1.sim/sim_1/behav/xsim'
INFO: [SIM-utils-54] Inspecting design source files for 'asd' in fileset 'sim_1'...
INFO: [SIM-utils-43] Exported 'D:/Code Try/CODExperiment/Lab2/project_1/project_1.sim/sim_1/behav/xsim/dist_mem_256_16.mif'
INFO: [SIM-utils-43] Exported 'D:/Code Try/CODExperiment/Lab2/project_1/project_1.sim/sim_1/behav/xsim/DistMemCoe.coe'
INFO: [USF-XSim-97] Finding global include files...
INFO: [USF-XSim-98] Fetching design files from 'sim_1'...
INFO: [USF-XSim-2] XSim::Compile design
INFO: [USF-XSim-61] Executing 'COMPILE and ANALYZE' step in 'D:/Code Try/CODExperiment/Lab2/project_1/project_1.sim/sim_1/behav/xsim'
"xvlog --incr --relax -prj asd_vlog.prj"
INFO: [VRFC 10-2263] Analyzing Verilog file "D:/Code Try/CODExperiment/Lab2/project_1/project_1.srcs/sources_1/ip/dist_mem_256_16/sim/dist_mem_256_16.v" into library xil_defaultlib
INFO: [VRFC 10-311] analyzing module dist_mem_256_16
INFO: [VRFC 10-2263] Analyzing Verilog file "D:/Code Try/CODExperiment/Lab2/encoder.v" into library xil_defaultlib
INFO: [VRFC 10-311] analyzing module encoder_16bits
INFO: [VRFC 10-2263] Analyzing Verilog file "D:/Code Try/CODExperiment/Lab2/project_1/project_1.srcs/sim_1/new/asd.v" into library xil_defaultlib
INFO: [VRFC 10-311] analyzing module asd
INFO: [USF-XSim-69] 'compile' step finished in '1' seconds
INFO: [USF-XSim-3] XSim::Elaborate design
INFO: [USF-XSim-61] Executing 'ELABORATE' step in 'D:/Code Try/CODExperiment/Lab2/project_1/project_1.sim/sim_1/behav/xsim'
"xelab -wto 9e4de33ea685422e93e8555a9b84a134 --incr --debug typical --relax --mt 2 -L dist_mem_gen_v8_0_13 -L xil_defaultlib -L unisims_ver -L unimacro_ver -L secureip -L xpm --snapshot asd_behav xil_defaultlib.asd xil_defaultlib.glbl -log elaborate.log"
Vivado Simulator 2019.1
Copyright 1986-1999, 2001-2019 Xilinx, Inc. All Rights Reserved.
Running: D:/Xilinx/Vivado/2019.1/bin/unwrapped/win64.o/xelab.exe -wto 9e4de33ea685422e93e8555a9b84a134 --incr --debug typical --relax --mt 2 -L dist_mem_gen_v8_0_13 -L xil_defaultlib -L unisims_ver -L unimacro_ver -L secureip -L xpm --snapshot asd_behav xil_defaultlib.asd xil_defaultlib.glbl -log elaborate.log 
Using 2 slave threads.
Starting static elaboration
Completed static elaboration
Starting simulation data flow analysis
Completed simulation data flow analysis
Time Resolution for simulation is 1ps
Compiling module xil_defaultlib.encoder_16bits
Compiling module dist_mem_gen_v8_0_13.dist_mem_gen_v8_0_13(C_FAMILY="a...
Compiling module xil_defaultlib.dist_mem_256_16
Compiling module xil_defaultlib.asd
Compiling module xil_defaultlib.glbl
Built simulation snapshot asd_behav
INFO: [USF-XSim-69] 'elaborate' step finished in '2' seconds
INFO: [USF-XSim-4] XSim::Simulate design
INFO: [USF-XSim-61] Executing 'SIMULATE' step in 'D:/Code Try/CODExperiment/Lab2/project_1/project_1.sim/sim_1/behav/xsim'
INFO: [USF-XSim-98] *** Running xsim
   with args "asd_behav -key {Behavioral:sim_1:Functional:asd} -tclbatch {asd.tcl} -log {simulate.log}"
INFO: [USF-XSim-8] Loading simulator feature
Vivado Simulator 2019.1
Time resolution is 1 ps
source asd.tcl
# set curr_wave [current_wave_config]
# if { [string length $curr_wave] == 0 } {
#   if { [llength [get_objects]] > 0} {
#     add_wave /
#     set_property needs_save false [current_wave_config]
#   } else {
#      send_msg_id Add_Wave-1 WARNING "No top level signals found. Simulator will start without a wave window. If you want to open a wave window go to 'File->New Waveform Configuration' or type 'create_wave_config' in the TCL console."
#   }
# }
# run 1000ns
WARNING: This core is supplied with a behavioral model. To model cycle-accurate behavior you must run timing simulation.
INFO: [USF-XSim-96] XSim completed. Design snapshot 'asd_behav' loaded.
INFO: [USF-XSim-97] XSim simulation ran for 1000ns
launch_simulation: Time (s): cpu = 00:00:03 ; elapsed = 00:00:06 . Memory (MB): peak = 973.969 ; gain = 0.000
reset_run synth_1
WARNING: [Vivado 12-1017] Problems encountered:
1. Failed to delete one or more files in run directory D:/Code Try/CODExperiment/Lab2/project_1/project_1.runs/synth_1

launch_runs impl_1 -to_step write_bitstream -jobs 6
[Mon Mar 28 23:03:05 2022] Launched synth_1...
Run output will be captured here: D:/Code Try/CODExperiment/Lab2/project_1/project_1.runs/synth_1/runme.log
[Mon Mar 28 23:03:05 2022] Launched impl_1...
Run output will be captured here: D:/Code Try/CODExperiment/Lab2/project_1/project_1.runs/impl_1/runme.log
open_hw
connect_hw_server
INFO: [Labtools 27-2285] Connecting to hw_server url TCP:localhost:3121
INFO: [Labtools 27-2222] Launching hw_server...
INFO: [Labtools 27-2221] Launch Output:

****** Xilinx hw_server v2019.1
  **** Build date : May 24 2019 at 15:13:31
    ** Copyright 1986-2019 Xilinx, Inc. All Rights Reserved.


open_hw_target
INFO: [Labtoolstcl 44-466] Opening hw_target localhost:3121/xilinx_tcf/Digilent/210292ABF974A
set_property PROGRAM.FILE {D:/Code Try/CODExperiment/Lab2/project_1/project_1.runs/impl_1/sortDownload.bit} [get_hw_devices xc7a100t_0]
current_hw_device [get_hw_devices xc7a100t_0]
refresh_hw_device -update_hw_probes false [lindex [get_hw_devices xc7a100t_0] 0]
INFO: [Labtools 27-1434] Device xc7a100t (JTAG device index = 0) is programmed with a design that has no supported debug core(s) in it.
set_property PROBES.FILE {} [get_hw_devices xc7a100t_0]
set_property FULL_PROBES.FILE {} [get_hw_devices xc7a100t_0]
set_property PROGRAM.FILE {D:/Code Try/CODExperiment/Lab2/project_1/project_1.runs/impl_1/sortDownload.bit} [get_hw_devices xc7a100t_0]
program_hw_devices [get_hw_devices xc7a100t_0]
INFO: [Labtools 27-3164] End of startup status: HIGH
refresh_hw_device [lindex [get_hw_devices xc7a100t_0] 0]
INFO: [Labtools 27-1434] Device xc7a100t (JTAG device index = 0) is programmed with a design that has no supported debug core(s) in it.
reset_run synth_1
WARNING: [Vivado 12-1017] Problems encountered:
1. Failed to delete one or more files in run directory D:/Code Try/CODExperiment/Lab2/project_1/project_1.runs/synth_1

launch_runs impl_1 -to_step write_bitstream -jobs 6
[Mon Mar 28 23:11:52 2022] Launched synth_1...
Run output will be captured here: D:/Code Try/CODExperiment/Lab2/project_1/project_1.runs/synth_1/runme.log
[Mon Mar 28 23:11:52 2022] Launched impl_1...
Run output will be captured here: D:/Code Try/CODExperiment/Lab2/project_1/project_1.runs/impl_1/runme.log
close_hw
open_hw
connect_hw_server
INFO: [Labtools 27-2285] Connecting to hw_server url TCP:localhost:3121
INFO: [Labtools 27-2222] Launching hw_server...
INFO: [Labtools 27-2221] Launch Output:

****** Xilinx hw_server v2019.1
  **** Build date : May 24 2019 at 15:13:31
    ** Copyright 1986-2019 Xilinx, Inc. All Rights Reserved.


open_hw_target
INFO: [Labtoolstcl 44-466] Opening hw_target localhost:3121/xilinx_tcf/Digilent/210292ABF974A
set_property PROGRAM.FILE {D:/Code Try/CODExperiment/Lab2/project_1/project_1.runs/impl_1/sortDownload.bit} [get_hw_devices xc7a100t_0]
current_hw_device [get_hw_devices xc7a100t_0]
refresh_hw_device -update_hw_probes false [lindex [get_hw_devices xc7a100t_0] 0]
INFO: [Labtools 27-1434] Device xc7a100t (JTAG device index = 0) is programmed with a design that has no supported debug core(s) in it.
set_property PROBES.FILE {} [get_hw_devices xc7a100t_0]
set_property FULL_PROBES.FILE {} [get_hw_devices xc7a100t_0]
set_property PROGRAM.FILE {D:/Code Try/CODExperiment/Lab2/project_1/project_1.runs/impl_1/sortDownload.bit} [get_hw_devices xc7a100t_0]
program_hw_devices [get_hw_devices xc7a100t_0]
INFO: [Labtools 27-3164] End of startup status: HIGH
refresh_hw_device [lindex [get_hw_devices xc7a100t_0] 0]
INFO: [Labtools 27-1434] Device xc7a100t (JTAG device index = 0) is programmed with a design that has no supported debug core(s) in it.
close_sim
INFO: [Simtcl 6-16] Simulation closed
launch_simulation
INFO: [Vivado 12-5698] Checking validity of IPs in the design for the 'XSim' simulator...
INFO: [Vivado 12-5682] Launching behavioral simulation in 'D:/Code Try/CODExperiment/Lab2/project_1/project_1.sim/sim_1/behav/xsim'
INFO: [Vivado 12-4795] Using compiled simulation libraries for IPs
INFO: [SIM-utils-51] Simulation object is 'sim_1'
INFO: [USF-XSim-7] Finding pre-compiled libraries...
INFO: [USF-XSim-11] File 'D:/Xilinx/Vivado/2019.1/data/xsim/xsim.ini' copied to run dir:'D:/Code Try/CODExperiment/Lab2/project_1/project_1.sim/sim_1/behav/xsim'
INFO: [SIM-utils-54] Inspecting design source files for 'asd' in fileset 'sim_1'...
INFO: [SIM-utils-43] Exported 'D:/Code Try/CODExperiment/Lab2/project_1/project_1.sim/sim_1/behav/xsim/dist_mem_256_16.mif'
INFO: [SIM-utils-43] Exported 'D:/Code Try/CODExperiment/Lab2/project_1/project_1.sim/sim_1/behav/xsim/DistMemCoe.coe'
INFO: [USF-XSim-97] Finding global include files...
INFO: [USF-XSim-98] Fetching design files from 'sim_1'...
INFO: [USF-XSim-2] XSim::Compile design
INFO: [USF-XSim-61] Executing 'COMPILE and ANALYZE' step in 'D:/Code Try/CODExperiment/Lab2/project_1/project_1.sim/sim_1/behav/xsim'
"xvlog --incr --relax -prj asd_vlog.prj"
INFO: [USF-XSim-69] 'compile' step finished in '1' seconds
INFO: [USF-XSim-3] XSim::Elaborate design
INFO: [USF-XSim-61] Executing 'ELABORATE' step in 'D:/Code Try/CODExperiment/Lab2/project_1/project_1.sim/sim_1/behav/xsim'
"xelab -wto 9e4de33ea685422e93e8555a9b84a134 --incr --debug typical --relax --mt 2 -L dist_mem_gen_v8_0_13 -L xil_defaultlib -L unisims_ver -L unimacro_ver -L secureip -L xpm --snapshot asd_behav xil_defaultlib.asd xil_defaultlib.glbl -log elaborate.log"
Vivado Simulator 2019.1
Copyright 1986-1999, 2001-2019 Xilinx, Inc. All Rights Reserved.
Running: D:/Xilinx/Vivado/2019.1/bin/unwrapped/win64.o/xelab.exe -wto 9e4de33ea685422e93e8555a9b84a134 --incr --debug typical --relax --mt 2 -L dist_mem_gen_v8_0_13 -L xil_defaultlib -L unisims_ver -L unimacro_ver -L secureip -L xpm --snapshot asd_behav xil_defaultlib.asd xil_defaultlib.glbl -log elaborate.log 
Using 2 slave threads.
Starting static elaboration
Completed static elaboration
INFO: [XSIM 43-4323] No Change in HDL. Linking previously generated obj files to create kernel
INFO: [USF-XSim-69] 'elaborate' step finished in '1' seconds
INFO: [USF-XSim-4] XSim::Simulate design
INFO: [USF-XSim-61] Executing 'SIMULATE' step in 'D:/Code Try/CODExperiment/Lab2/project_1/project_1.sim/sim_1/behav/xsim'
INFO: [USF-XSim-98] *** Running xsim
   with args "asd_behav -key {Behavioral:sim_1:Functional:asd} -tclbatch {asd.tcl} -log {simulate.log}"
INFO: [USF-XSim-8] Loading simulator feature
Vivado Simulator 2019.1
Time resolution is 1 ps
source asd.tcl
# set curr_wave [current_wave_config]
# if { [string length $curr_wave] == 0 } {
#   if { [llength [get_objects]] > 0} {
#     add_wave /
#     set_property needs_save false [current_wave_config]
#   } else {
#      send_msg_id Add_Wave-1 WARNING "No top level signals found. Simulator will start without a wave window. If you want to open a wave window go to 'File->New Waveform Configuration' or type 'create_wave_config' in the TCL console."
#   }
# }
# run 1000ns
WARNING: This core is supplied with a behavioral model. To model cycle-accurate behavior you must run timing simulation.
INFO: [USF-XSim-96] XSim completed. Design snapshot 'asd_behav' loaded.
INFO: [USF-XSim-97] XSim simulation ran for 1000ns
close_sim
INFO: [Simtcl 6-16] Simulation closed
launch_simulation
INFO: [Vivado 12-5698] Checking validity of IPs in the design for the 'XSim' simulator...
INFO: [Vivado 12-5682] Launching behavioral simulation in 'D:/Code Try/CODExperiment/Lab2/project_1/project_1.sim/sim_1/behav/xsim'
INFO: [Vivado 12-4795] Using compiled simulation libraries for IPs
INFO: [SIM-utils-51] Simulation object is 'sim_1'
INFO: [USF-XSim-7] Finding pre-compiled libraries...
INFO: [USF-XSim-11] File 'D:/Xilinx/Vivado/2019.1/data/xsim/xsim.ini' copied to run dir:'D:/Code Try/CODExperiment/Lab2/project_1/project_1.sim/sim_1/behav/xsim'
INFO: [SIM-utils-54] Inspecting design source files for 'asd' in fileset 'sim_1'...
INFO: [SIM-utils-43] Exported 'D:/Code Try/CODExperiment/Lab2/project_1/project_1.sim/sim_1/behav/xsim/dist_mem_256_16.mif'
INFO: [SIM-utils-43] Exported 'D:/Code Try/CODExperiment/Lab2/project_1/project_1.sim/sim_1/behav/xsim/DistMemCoe.coe'
INFO: [USF-XSim-97] Finding global include files...
INFO: [USF-XSim-98] Fetching design files from 'sim_1'...
INFO: [USF-XSim-2] XSim::Compile design
INFO: [USF-XSim-61] Executing 'COMPILE and ANALYZE' step in 'D:/Code Try/CODExperiment/Lab2/project_1/project_1.sim/sim_1/behav/xsim'
"xvlog --incr --relax -prj asd_vlog.prj"
INFO: [USF-XSim-69] 'compile' step finished in '1' seconds
INFO: [USF-XSim-3] XSim::Elaborate design
INFO: [USF-XSim-61] Executing 'ELABORATE' step in 'D:/Code Try/CODExperiment/Lab2/project_1/project_1.sim/sim_1/behav/xsim'
"xelab -wto 9e4de33ea685422e93e8555a9b84a134 --incr --debug typical --relax --mt 2 -L dist_mem_gen_v8_0_13 -L xil_defaultlib -L unisims_ver -L unimacro_ver -L secureip -L xpm --snapshot asd_behav xil_defaultlib.asd xil_defaultlib.glbl -log elaborate.log"
Vivado Simulator 2019.1
Copyright 1986-1999, 2001-2019 Xilinx, Inc. All Rights Reserved.
Running: D:/Xilinx/Vivado/2019.1/bin/unwrapped/win64.o/xelab.exe -wto 9e4de33ea685422e93e8555a9b84a134 --incr --debug typical --relax --mt 2 -L dist_mem_gen_v8_0_13 -L xil_defaultlib -L unisims_ver -L unimacro_ver -L secureip -L xpm --snapshot asd_behav xil_defaultlib.asd xil_defaultlib.glbl -log elaborate.log 
Using 2 slave threads.
Starting static elaboration
Completed static elaboration
INFO: [XSIM 43-4323] No Change in HDL. Linking previously generated obj files to create kernel
INFO: [USF-XSim-69] 'elaborate' step finished in '1' seconds
INFO: [USF-XSim-4] XSim::Simulate design
INFO: [USF-XSim-61] Executing 'SIMULATE' step in 'D:/Code Try/CODExperiment/Lab2/project_1/project_1.sim/sim_1/behav/xsim'
INFO: [USF-XSim-98] *** Running xsim
   with args "asd_behav -key {Behavioral:sim_1:Functional:asd} -tclbatch {asd.tcl} -log {simulate.log}"
INFO: [USF-XSim-8] Loading simulator feature
Vivado Simulator 2019.1
Time resolution is 1 ps
source asd.tcl
# set curr_wave [current_wave_config]
# if { [string length $curr_wave] == 0 } {
#   if { [llength [get_objects]] > 0} {
#     add_wave /
#     set_property needs_save false [current_wave_config]
#   } else {
#      send_msg_id Add_Wave-1 WARNING "No top level signals found. Simulator will start without a wave window. If you want to open a wave window go to 'File->New Waveform Configuration' or type 'create_wave_config' in the TCL console."
#   }
# }
# run 1000ns
WARNING: This core is supplied with a behavioral model. To model cycle-accurate behavior you must run timing simulation.
INFO: [USF-XSim-96] XSim completed. Design snapshot 'asd_behav' loaded.
INFO: [USF-XSim-97] XSim simulation ran for 1000ns
launch_simulation: Time (s): cpu = 00:00:03 ; elapsed = 00:00:05 . Memory (MB): peak = 2095.766 ; gain = 0.590
close_sim
INFO: [Simtcl 6-16] Simulation closed
launch_simulation
INFO: [Vivado 12-5698] Checking validity of IPs in the design for the 'XSim' simulator...
INFO: [Vivado 12-5682] Launching behavioral simulation in 'D:/Code Try/CODExperiment/Lab2/project_1/project_1.sim/sim_1/behav/xsim'
INFO: [Vivado 12-4795] Using compiled simulation libraries for IPs
INFO: [SIM-utils-51] Simulation object is 'sim_1'
INFO: [USF-XSim-7] Finding pre-compiled libraries...
INFO: [USF-XSim-11] File 'D:/Xilinx/Vivado/2019.1/data/xsim/xsim.ini' copied to run dir:'D:/Code Try/CODExperiment/Lab2/project_1/project_1.sim/sim_1/behav/xsim'
INFO: [SIM-utils-54] Inspecting design source files for 'asd' in fileset 'sim_1'...
INFO: [SIM-utils-43] Exported 'D:/Code Try/CODExperiment/Lab2/project_1/project_1.sim/sim_1/behav/xsim/dist_mem_256_16.mif'
INFO: [SIM-utils-43] Exported 'D:/Code Try/CODExperiment/Lab2/project_1/project_1.sim/sim_1/behav/xsim/DistMemCoe.coe'
INFO: [USF-XSim-97] Finding global include files...
INFO: [USF-XSim-98] Fetching design files from 'sim_1'...
INFO: [USF-XSim-2] XSim::Compile design
INFO: [USF-XSim-61] Executing 'COMPILE and ANALYZE' step in 'D:/Code Try/CODExperiment/Lab2/project_1/project_1.sim/sim_1/behav/xsim'
"xvlog --incr --relax -prj asd_vlog.prj"
INFO: [USF-XSim-69] 'compile' step finished in '1' seconds
INFO: [USF-XSim-3] XSim::Elaborate design
INFO: [USF-XSim-61] Executing 'ELABORATE' step in 'D:/Code Try/CODExperiment/Lab2/project_1/project_1.sim/sim_1/behav/xsim'
"xelab -wto 9e4de33ea685422e93e8555a9b84a134 --incr --debug typical --relax --mt 2 -L dist_mem_gen_v8_0_13 -L xil_defaultlib -L unisims_ver -L unimacro_ver -L secureip -L xpm --snapshot asd_behav xil_defaultlib.asd xil_defaultlib.glbl -log elaborate.log"
Vivado Simulator 2019.1
Copyright 1986-1999, 2001-2019 Xilinx, Inc. All Rights Reserved.
Running: D:/Xilinx/Vivado/2019.1/bin/unwrapped/win64.o/xelab.exe -wto 9e4de33ea685422e93e8555a9b84a134 --incr --debug typical --relax --mt 2 -L dist_mem_gen_v8_0_13 -L xil_defaultlib -L unisims_ver -L unimacro_ver -L secureip -L xpm --snapshot asd_behav xil_defaultlib.asd xil_defaultlib.glbl -log elaborate.log 
Using 2 slave threads.
Starting static elaboration
Completed static elaboration
INFO: [XSIM 43-4323] No Change in HDL. Linking previously generated obj files to create kernel
INFO: [USF-XSim-69] 'elaborate' step finished in '1' seconds
INFO: [USF-XSim-4] XSim::Simulate design
INFO: [USF-XSim-61] Executing 'SIMULATE' step in 'D:/Code Try/CODExperiment/Lab2/project_1/project_1.sim/sim_1/behav/xsim'
INFO: [USF-XSim-98] *** Running xsim
   with args "asd_behav -key {Behavioral:sim_1:Functional:asd} -tclbatch {asd.tcl} -log {simulate.log}"
INFO: [USF-XSim-8] Loading simulator feature
Vivado Simulator 2019.1
Time resolution is 1 ps
source asd.tcl
# set curr_wave [current_wave_config]
# if { [string length $curr_wave] == 0 } {
#   if { [llength [get_objects]] > 0} {
#     add_wave /
#     set_property needs_save false [current_wave_config]
#   } else {
#      send_msg_id Add_Wave-1 WARNING "No top level signals found. Simulator will start without a wave window. If you want to open a wave window go to 'File->New Waveform Configuration' or type 'create_wave_config' in the TCL console."
#   }
# }
# run 1000ns
WARNING: This core is supplied with a behavioral model. To model cycle-accurate behavior you must run timing simulation.
INFO: [USF-XSim-96] XSim completed. Design snapshot 'asd_behav' loaded.
INFO: [USF-XSim-97] XSim simulation ran for 1000ns
launch_simulation: Time (s): cpu = 00:00:03 ; elapsed = 00:00:06 . Memory (MB): peak = 2095.938 ; gain = 0.059
close_sim
INFO: [Simtcl 6-16] Simulation closed
close_project
open_project {D:/Code Try/CODExperiment/Lab2/project_1/project_1.xpr}
CRITICAL WARNING: [Project 1-19] Could not find the file 'D:/Code Try/CODExperiment/Lab2/project_1/project_1.srcs/sim_1/new/temp.v'.
Scanning sources...
Finished scanning sources
INFO: [IP_Flow 19-234] Refreshing IP repositories
INFO: [IP_Flow 19-1704] No user IP repositories specified
INFO: [IP_Flow 19-2313] Loaded Vivado IP repository 'D:/Xilinx/Vivado/2019.1/data/ip'.
update_compile_order -fileset sources_1
generate_target Simulation [get_files {D:/Code Try/CODExperiment/Lab2/project_1/project_1.srcs/sources_1/ip/dist_mem_256_16/dist_mem_256_16.xci}]
WARNING: [Vivado 12-818] No files matched 'D:/Code'
WARNING: [Vivado 12-818] No files matched 'Try/CODExperiment/Lab2/project_1/project_1.srcs/sources_1/ip/dist_mem_256_16/dist_mem_256_16.xci'
export_ip_user_files -of_objects [get_files {D:/Code Try/CODExperiment/Lab2/project_1/project_1.srcs/sources_1/ip/dist_mem_256_16/dist_mem_256_16.xci}] -no_script -sync -force -quiet
WARNING: [Vivado 12-818] No files matched 'D:/Code'
WARNING: [Vivado 12-818] No files matched 'Try/CODExperiment/Lab2/project_1/project_1.srcs/sources_1/ip/dist_mem_256_16/dist_mem_256_16.xci'
export_simulation -of_objects [get_files {{D:/Code Try/CODExperiment/Lab2/project_1/project_1.srcs/sources_1/ip/dist_mem_256_16/dist_mem_256_16.xci}}] -directory {D:/Code Try/CODExperiment/Lab2/project_1/project_1.ip_user_files/sim_scripts} -ip_user_files_dir {D:/Code Try/CODExperiment/Lab2/project_1/project_1.ip_user_files} -ipstatic_source_dir {D:/Code Try/CODExperiment/Lab2/project_1/project_1.ip_user_files/ipstatic} -lib_map_path [list {modelsim=D:/Code Try/CODExperiment/Lab2/project_1/project_1.cache/compile_simlib/modelsim} {questa=D:/Code Try/CODExperiment/Lab2/project_1/project_1.cache/compile_simlib/questa} {riviera=D:/Code Try/CODExperiment/Lab2/project_1/project_1.cache/compile_simlib/riviera} {activehdl=D:/Code Try/CODExperiment/Lab2/project_1/project_1.cache/compile_simlib/activehdl}] -use_ip_compiled_libs -force -quiet
launch_simulation
INFO: [Vivado 12-5698] Checking validity of IPs in the design for the 'XSim' simulator...
INFO: [Vivado 12-5682] Launching behavioral simulation in 'D:/Code Try/CODExperiment/Lab2/project_1/project_1.sim/sim_1/behav/xsim'
INFO: [Vivado 12-4795] Using compiled simulation libraries for IPs
INFO: [SIM-utils-51] Simulation object is 'sim_1'
INFO: [USF-XSim-7] Finding pre-compiled libraries...
INFO: [USF-XSim-11] File 'D:/Xilinx/Vivado/2019.1/data/xsim/xsim.ini' copied to run dir:'D:/Code Try/CODExperiment/Lab2/project_1/project_1.sim/sim_1/behav/xsim'
INFO: [SIM-utils-54] Inspecting design source files for 'asd' in fileset 'sim_1'...
INFO: [SIM-utils-43] Exported 'D:/Code Try/CODExperiment/Lab2/project_1/project_1.sim/sim_1/behav/xsim/dist_mem_256_16.mif'
INFO: [SIM-utils-43] Exported 'D:/Code Try/CODExperiment/Lab2/project_1/project_1.sim/sim_1/behav/xsim/DistMemCoe.coe'
INFO: [USF-XSim-97] Finding global include files...
INFO: [USF-XSim-98] Fetching design files from 'sim_1'...
INFO: [USF-XSim-2] XSim::Compile design
INFO: [USF-XSim-61] Executing 'COMPILE and ANALYZE' step in 'D:/Code Try/CODExperiment/Lab2/project_1/project_1.sim/sim_1/behav/xsim'
"xvlog --incr --relax -prj asd_vlog.prj"
INFO: [USF-XSim-69] 'compile' step finished in '2' seconds
INFO: [USF-XSim-3] XSim::Elaborate design
INFO: [USF-XSim-61] Executing 'ELABORATE' step in 'D:/Code Try/CODExperiment/Lab2/project_1/project_1.sim/sim_1/behav/xsim'
"xelab -wto 9e4de33ea685422e93e8555a9b84a134 --incr --debug typical --relax --mt 2 -L dist_mem_gen_v8_0_13 -L xil_defaultlib -L unisims_ver -L unimacro_ver -L secureip -L xpm --snapshot asd_behav xil_defaultlib.asd xil_defaultlib.glbl -log elaborate.log"
Vivado Simulator 2019.1
Copyright 1986-1999, 2001-2019 Xilinx, Inc. All Rights Reserved.
Running: D:/Xilinx/Vivado/2019.1/bin/unwrapped/win64.o/xelab.exe -wto 9e4de33ea685422e93e8555a9b84a134 --incr --debug typical --relax --mt 2 -L dist_mem_gen_v8_0_13 -L xil_defaultlib -L unisims_ver -L unimacro_ver -L secureip -L xpm --snapshot asd_behav xil_defaultlib.asd xil_defaultlib.glbl -log elaborate.log 
Using 2 slave threads.
Starting static elaboration
Completed static elaboration
INFO: [XSIM 43-4323] No Change in HDL. Linking previously generated obj files to create kernel
INFO: [USF-XSim-69] 'elaborate' step finished in '1' seconds
INFO: [USF-XSim-4] XSim::Simulate design
INFO: [USF-XSim-61] Executing 'SIMULATE' step in 'D:/Code Try/CODExperiment/Lab2/project_1/project_1.sim/sim_1/behav/xsim'
INFO: [USF-XSim-98] *** Running xsim
   with args "asd_behav -key {Behavioral:sim_1:Functional:asd} -tclbatch {asd.tcl} -log {simulate.log}"
INFO: [USF-XSim-8] Loading simulator feature
Vivado Simulator 2019.1
Time resolution is 1 ps
source asd.tcl
# set curr_wave [current_wave_config]
# if { [string length $curr_wave] == 0 } {
#   if { [llength [get_objects]] > 0} {
#     add_wave /
#     set_property needs_save false [current_wave_config]
#   } else {
#      send_msg_id Add_Wave-1 WARNING "No top level signals found. Simulator will start without a wave window. If you want to open a wave window go to 'File->New Waveform Configuration' or type 'create_wave_config' in the TCL console."
#   }
# }
# run 1000ns
WARNING: This core is supplied with a behavioral model. To model cycle-accurate behavior you must run timing simulation.
INFO: [USF-XSim-96] XSim completed. Design snapshot 'asd_behav' loaded.
INFO: [USF-XSim-97] XSim simulation ran for 1000ns
launch_simulation: Time (s): cpu = 00:00:03 ; elapsed = 00:00:05 . Memory (MB): peak = 2222.664 ; gain = 4.492
create_ip -name dist_mem_gen -vendor xilinx.com -library ip -version 8.0 -module_name dist_mem_gen_0 -dir {d:/Code Try/CODExperiment/Lab2/project_1/project_1.srcs/sources_1/ip}
set_property -dict [list CONFIG.coefficient_file {D:/Code Try/CODExperiment/Lab2/DistMemCoe.coe}] [get_ips dist_mem_gen_0]
INFO: [IP_Flow 19-3484] Absolute path of file 'd:/Code Try/CODExperiment/Lab2/DistMemCoe.coe' provided. It will be converted relative to IP Instance files '../../../../../DistMemCoe.coe'
generate_target {instantiation_template} [get_files {{d:/Code Try/CODExperiment/Lab2/project_1/project_1.srcs/sources_1/ip/dist_mem_gen_0/dist_mem_gen_0.xci}}]
INFO: [IP_Flow 19-1686] Generating 'Instantiation Template' target for IP 'dist_mem_gen_0'...
generate_target all [get_files  {{d:/Code Try/CODExperiment/Lab2/project_1/project_1.srcs/sources_1/ip/dist_mem_gen_0/dist_mem_gen_0.xci}}]
INFO: [IP_Flow 19-1686] Generating 'Synthesis' target for IP 'dist_mem_gen_0'...
INFO: [IP_Flow 19-1686] Generating 'Simulation' target for IP 'dist_mem_gen_0'...
INFO: [IP_Flow 19-1686] Generating 'Change Log' target for IP 'dist_mem_gen_0'...
catch { config_ip_cache -export [get_ips -all dist_mem_gen_0] }
export_ip_user_files -of_objects [get_files {{d:/Code Try/CODExperiment/Lab2/project_1/project_1.srcs/sources_1/ip/dist_mem_gen_0/dist_mem_gen_0.xci}}] -no_script -sync -force -quiet
create_ip_run [get_files -of_objects [get_fileset sources_1] {{d:/Code Try/CODExperiment/Lab2/project_1/project_1.srcs/sources_1/ip/dist_mem_gen_0/dist_mem_gen_0.xci}}]
launch_runs -jobs 6 dist_mem_gen_0_synth_1
[Mon Mar 28 23:25:15 2022] Launched dist_mem_gen_0_synth_1...
Run output will be captured here: D:/Code Try/CODExperiment/Lab2/project_1/project_1.runs/dist_mem_gen_0_synth_1/runme.log
export_simulation -of_objects [get_files {{d:/Code Try/CODExperiment/Lab2/project_1/project_1.srcs/sources_1/ip/dist_mem_gen_0/dist_mem_gen_0.xci}}] -directory {D:/Code Try/CODExperiment/Lab2/project_1/project_1.ip_user_files/sim_scripts} -ip_user_files_dir {D:/Code Try/CODExperiment/Lab2/project_1/project_1.ip_user_files} -ipstatic_source_dir {D:/Code Try/CODExperiment/Lab2/project_1/project_1.ip_user_files/ipstatic} -lib_map_path [list {modelsim=D:/Code Try/CODExperiment/Lab2/project_1/project_1.cache/compile_simlib/modelsim} {questa=D:/Code Try/CODExperiment/Lab2/project_1/project_1.cache/compile_simlib/questa} {riviera=D:/Code Try/CODExperiment/Lab2/project_1/project_1.cache/compile_simlib/riviera} {activehdl=D:/Code Try/CODExperiment/Lab2/project_1/project_1.cache/compile_simlib/activehdl}] -use_ip_compiled_libs -force -quiet
close_sim
INFO: [Simtcl 6-16] Simulation closed
launch_simulation
INFO: [Vivado 12-5698] Checking validity of IPs in the design for the 'XSim' simulator...
INFO: [Vivado 12-5682] Launching behavioral simulation in 'D:/Code Try/CODExperiment/Lab2/project_1/project_1.sim/sim_1/behav/xsim'
INFO: [Vivado 12-4795] Using compiled simulation libraries for IPs
INFO: [SIM-utils-51] Simulation object is 'sim_1'
INFO: [USF-XSim-7] Finding pre-compiled libraries...
INFO: [USF-XSim-11] File 'D:/Xilinx/Vivado/2019.1/data/xsim/xsim.ini' copied to run dir:'D:/Code Try/CODExperiment/Lab2/project_1/project_1.sim/sim_1/behav/xsim'
INFO: [SIM-utils-54] Inspecting design source files for 'asd' in fileset 'sim_1'...
INFO: [SIM-utils-43] Exported 'D:/Code Try/CODExperiment/Lab2/project_1/project_1.sim/sim_1/behav/xsim/dist_mem_256_16.mif'
INFO: [SIM-utils-43] Exported 'D:/Code Try/CODExperiment/Lab2/project_1/project_1.sim/sim_1/behav/xsim/DistMemCoe.coe'
INFO: [SIM-utils-43] Exported 'D:/Code Try/CODExperiment/Lab2/project_1/project_1.sim/sim_1/behav/xsim/dist_mem_gen_0.mif'
INFO: [USF-XSim-97] Finding global include files...
INFO: [USF-XSim-98] Fetching design files from 'sim_1'...
INFO: [USF-XSim-2] XSim::Compile design
INFO: [USF-XSim-61] Executing 'COMPILE and ANALYZE' step in 'D:/Code Try/CODExperiment/Lab2/project_1/project_1.sim/sim_1/behav/xsim'
"xvlog --incr --relax -prj asd_vlog.prj"
INFO: [VRFC 10-2263] Analyzing Verilog file "D:/Code Try/CODExperiment/Lab2/project_1/project_1.srcs/sources_1/ip/dist_mem_gen_0/sim/dist_mem_gen_0.v" into library xil_defaultlib
INFO: [VRFC 10-311] analyzing module dist_mem_gen_0
INFO: [VRFC 10-2263] Analyzing Verilog file "D:/Code Try/CODExperiment/Lab2/encoder.v" into library xil_defaultlib
INFO: [VRFC 10-311] analyzing module encoder_16bits
INFO: [VRFC 10-2263] Analyzing Verilog file "D:/Code Try/CODExperiment/Lab2/project_1/project_1.srcs/sim_1/new/asd.v" into library xil_defaultlib
INFO: [VRFC 10-311] analyzing module asd
INFO: [USF-XSim-69] 'compile' step finished in '1' seconds
INFO: [USF-XSim-3] XSim::Elaborate design
INFO: [USF-XSim-61] Executing 'ELABORATE' step in 'D:/Code Try/CODExperiment/Lab2/project_1/project_1.sim/sim_1/behav/xsim'
"xelab -wto 9e4de33ea685422e93e8555a9b84a134 --incr --debug typical --relax --mt 2 -L dist_mem_gen_v8_0_13 -L xil_defaultlib -L unisims_ver -L unimacro_ver -L secureip -L xpm --snapshot asd_behav xil_defaultlib.asd xil_defaultlib.glbl -log elaborate.log"
Vivado Simulator 2019.1
Copyright 1986-1999, 2001-2019 Xilinx, Inc. All Rights Reserved.
Running: D:/Xilinx/Vivado/2019.1/bin/unwrapped/win64.o/xelab.exe -wto 9e4de33ea685422e93e8555a9b84a134 --incr --debug typical --relax --mt 2 -L dist_mem_gen_v8_0_13 -L xil_defaultlib -L unisims_ver -L unimacro_ver -L secureip -L xpm --snapshot asd_behav xil_defaultlib.asd xil_defaultlib.glbl -log elaborate.log 
Using 2 slave threads.
Starting static elaboration
WARNING: [VRFC 10-3091] actual bit length 8 differs from formal bit length 6 for port 'a' [D:/Code Try/CODExperiment/Lab2/project_1/project_1.srcs/sim_1/new/asd.v:80]
Completed static elaboration
Starting simulation data flow analysis
Completed simulation data flow analysis
Time Resolution for simulation is 1ps
Compiling module xil_defaultlib.encoder_16bits
Compiling module dist_mem_gen_v8_0_13.dist_mem_gen_v8_0_13(C_FAMILY="a...
Compiling module xil_defaultlib.dist_mem_gen_0
Compiling module xil_defaultlib.asd
Compiling module xil_defaultlib.glbl
Built simulation snapshot asd_behav
INFO: [USF-XSim-69] 'elaborate' step finished in '2' seconds
INFO: [USF-XSim-4] XSim::Simulate design
INFO: [USF-XSim-61] Executing 'SIMULATE' step in 'D:/Code Try/CODExperiment/Lab2/project_1/project_1.sim/sim_1/behav/xsim'
INFO: [USF-XSim-98] *** Running xsim
   with args "asd_behav -key {Behavioral:sim_1:Functional:asd} -tclbatch {asd.tcl} -log {simulate.log}"
INFO: [USF-XSim-8] Loading simulator feature
Vivado Simulator 2019.1
Time resolution is 1 ps
source asd.tcl
# set curr_wave [current_wave_config]
# if { [string length $curr_wave] == 0 } {
#   if { [llength [get_objects]] > 0} {
#     add_wave /
#     set_property needs_save false [current_wave_config]
#   } else {
#      send_msg_id Add_Wave-1 WARNING "No top level signals found. Simulator will start without a wave window. If you want to open a wave window go to 'File->New Waveform Configuration' or type 'create_wave_config' in the TCL console."
#   }
# }
# run 1000ns
WARNING: This core is supplied with a behavioral model. To model cycle-accurate behavior you must run timing simulation.
WARNING: Too many words specified in data file dist_mem_gen_0.mif
INFO: [USF-XSim-96] XSim completed. Design snapshot 'asd_behav' loaded.
INFO: [USF-XSim-97] XSim simulation ran for 1000ns
launch_simulation: Time (s): cpu = 00:00:06 ; elapsed = 00:00:07 . Memory (MB): peak = 2222.664 ; gain = 0.000
close_sim
INFO: [Simtcl 6-16] Simulation closed
launch_simulation
INFO: [Vivado 12-5698] Checking validity of IPs in the design for the 'XSim' simulator...
INFO: [Vivado 12-5682] Launching behavioral simulation in 'D:/Code Try/CODExperiment/Lab2/project_1/project_1.sim/sim_1/behav/xsim'
INFO: [Vivado 12-4795] Using compiled simulation libraries for IPs
INFO: [SIM-utils-51] Simulation object is 'sim_1'
INFO: [USF-XSim-7] Finding pre-compiled libraries...
INFO: [USF-XSim-11] File 'D:/Xilinx/Vivado/2019.1/data/xsim/xsim.ini' copied to run dir:'D:/Code Try/CODExperiment/Lab2/project_1/project_1.sim/sim_1/behav/xsim'
INFO: [SIM-utils-54] Inspecting design source files for 'asd' in fileset 'sim_1'...
INFO: [SIM-utils-43] Exported 'D:/Code Try/CODExperiment/Lab2/project_1/project_1.sim/sim_1/behav/xsim/dist_mem_256_16.mif'
INFO: [SIM-utils-43] Exported 'D:/Code Try/CODExperiment/Lab2/project_1/project_1.sim/sim_1/behav/xsim/DistMemCoe.coe'
INFO: [SIM-utils-43] Exported 'D:/Code Try/CODExperiment/Lab2/project_1/project_1.sim/sim_1/behav/xsim/dist_mem_gen_0.mif'
INFO: [USF-XSim-97] Finding global include files...
INFO: [USF-XSim-98] Fetching design files from 'sim_1'...
INFO: [USF-XSim-2] XSim::Compile design
INFO: [USF-XSim-61] Executing 'COMPILE and ANALYZE' step in 'D:/Code Try/CODExperiment/Lab2/project_1/project_1.sim/sim_1/behav/xsim'
"xvlog --incr --relax -prj asd_vlog.prj"
INFO: [USF-XSim-69] 'compile' step finished in '1' seconds
INFO: [USF-XSim-3] XSim::Elaborate design
INFO: [USF-XSim-61] Executing 'ELABORATE' step in 'D:/Code Try/CODExperiment/Lab2/project_1/project_1.sim/sim_1/behav/xsim'
"xelab -wto 9e4de33ea685422e93e8555a9b84a134 --incr --debug typical --relax --mt 2 -L dist_mem_gen_v8_0_13 -L xil_defaultlib -L unisims_ver -L unimacro_ver -L secureip -L xpm --snapshot asd_behav xil_defaultlib.asd xil_defaultlib.glbl -log elaborate.log"
Vivado Simulator 2019.1
Copyright 1986-1999, 2001-2019 Xilinx, Inc. All Rights Reserved.
Running: D:/Xilinx/Vivado/2019.1/bin/unwrapped/win64.o/xelab.exe -wto 9e4de33ea685422e93e8555a9b84a134 --incr --debug typical --relax --mt 2 -L dist_mem_gen_v8_0_13 -L xil_defaultlib -L unisims_ver -L unimacro_ver -L secureip -L xpm --snapshot asd_behav xil_defaultlib.asd xil_defaultlib.glbl -log elaborate.log 
Using 2 slave threads.
Starting static elaboration
WARNING: [VRFC 10-3091] actual bit length 8 differs from formal bit length 6 for port 'a' [D:/Code Try/CODExperiment/Lab2/project_1/project_1.srcs/sim_1/new/asd.v:80]
Completed static elaboration
INFO: [XSIM 43-4323] No Change in HDL. Linking previously generated obj files to create kernel
INFO: [USF-XSim-69] 'elaborate' step finished in '2' seconds
INFO: [USF-XSim-4] XSim::Simulate design
INFO: [USF-XSim-61] Executing 'SIMULATE' step in 'D:/Code Try/CODExperiment/Lab2/project_1/project_1.sim/sim_1/behav/xsim'
INFO: [USF-XSim-98] *** Running xsim
   with args "asd_behav -key {Behavioral:sim_1:Functional:asd} -tclbatch {asd.tcl} -log {simulate.log}"
INFO: [USF-XSim-8] Loading simulator feature
Vivado Simulator 2019.1
Time resolution is 1 ps
source asd.tcl
# set curr_wave [current_wave_config]
# if { [string length $curr_wave] == 0 } {
#   if { [llength [get_objects]] > 0} {
#     add_wave /
#     set_property needs_save false [current_wave_config]
#   } else {
#      send_msg_id Add_Wave-1 WARNING "No top level signals found. Simulator will start without a wave window. If you want to open a wave window go to 'File->New Waveform Configuration' or type 'create_wave_config' in the TCL console."
#   }
# }
# run 1000ns
WARNING: This core is supplied with a behavioral model. To model cycle-accurate behavior you must run timing simulation.
WARNING: Too many words specified in data file dist_mem_gen_0.mif
INFO: [USF-XSim-96] XSim completed. Design snapshot 'asd_behav' loaded.
INFO: [USF-XSim-97] XSim simulation ran for 1000ns
launch_simulation: Time (s): cpu = 00:00:04 ; elapsed = 00:00:06 . Memory (MB): peak = 2708.609 ; gain = 0.000
close_sim
INFO: [Simtcl 6-16] Simulation closed
launch_simulation
INFO: [Vivado 12-5698] Checking validity of IPs in the design for the 'XSim' simulator...
INFO: [Vivado 12-5682] Launching behavioral simulation in 'D:/Code Try/CODExperiment/Lab2/project_1/project_1.sim/sim_1/behav/xsim'
INFO: [Vivado 12-4795] Using compiled simulation libraries for IPs
INFO: [SIM-utils-51] Simulation object is 'sim_1'
INFO: [USF-XSim-7] Finding pre-compiled libraries...
INFO: [USF-XSim-11] File 'D:/Xilinx/Vivado/2019.1/data/xsim/xsim.ini' copied to run dir:'D:/Code Try/CODExperiment/Lab2/project_1/project_1.sim/sim_1/behav/xsim'
INFO: [SIM-utils-54] Inspecting design source files for 'asd' in fileset 'sim_1'...
INFO: [SIM-utils-43] Exported 'D:/Code Try/CODExperiment/Lab2/project_1/project_1.sim/sim_1/behav/xsim/dist_mem_256_16.mif'
INFO: [SIM-utils-43] Exported 'D:/Code Try/CODExperiment/Lab2/project_1/project_1.sim/sim_1/behav/xsim/DistMemCoe.coe'
INFO: [SIM-utils-43] Exported 'D:/Code Try/CODExperiment/Lab2/project_1/project_1.sim/sim_1/behav/xsim/dist_mem_gen_0.mif'
INFO: [USF-XSim-97] Finding global include files...
INFO: [USF-XSim-98] Fetching design files from 'sim_1'...
INFO: [USF-XSim-2] XSim::Compile design
INFO: [USF-XSim-61] Executing 'COMPILE and ANALYZE' step in 'D:/Code Try/CODExperiment/Lab2/project_1/project_1.sim/sim_1/behav/xsim'
"xvlog --incr --relax -prj asd_vlog.prj"
INFO: [VRFC 10-2263] Analyzing Verilog file "D:/Code Try/CODExperiment/Lab2/project_1/project_1.srcs/sources_1/ip/dist_mem_gen_0/sim/dist_mem_gen_0.v" into library xil_defaultlib
INFO: [VRFC 10-311] analyzing module dist_mem_gen_0
INFO: [VRFC 10-2263] Analyzing Verilog file "D:/Code Try/CODExperiment/Lab2/encoder.v" into library xil_defaultlib
INFO: [VRFC 10-311] analyzing module encoder_16bits
INFO: [VRFC 10-2263] Analyzing Verilog file "D:/Code Try/CODExperiment/Lab2/project_1/project_1.srcs/sim_1/new/asd.v" into library xil_defaultlib
INFO: [VRFC 10-311] analyzing module asd
INFO: [USF-XSim-69] 'compile' step finished in '1' seconds
INFO: [USF-XSim-3] XSim::Elaborate design
INFO: [USF-XSim-61] Executing 'ELABORATE' step in 'D:/Code Try/CODExperiment/Lab2/project_1/project_1.sim/sim_1/behav/xsim'
"xelab -wto 9e4de33ea685422e93e8555a9b84a134 --incr --debug typical --relax --mt 2 -L dist_mem_gen_v8_0_13 -L xil_defaultlib -L unisims_ver -L unimacro_ver -L secureip -L xpm --snapshot asd_behav xil_defaultlib.asd xil_defaultlib.glbl -log elaborate.log"
Vivado Simulator 2019.1
Copyright 1986-1999, 2001-2019 Xilinx, Inc. All Rights Reserved.
Running: D:/Xilinx/Vivado/2019.1/bin/unwrapped/win64.o/xelab.exe -wto 9e4de33ea685422e93e8555a9b84a134 --incr --debug typical --relax --mt 2 -L dist_mem_gen_v8_0_13 -L xil_defaultlib -L unisims_ver -L unimacro_ver -L secureip -L xpm --snapshot asd_behav xil_defaultlib.asd xil_defaultlib.glbl -log elaborate.log 
Using 2 slave threads.
Starting static elaboration
WARNING: [VRFC 10-3091] actual bit length 8 differs from formal bit length 6 for port 'a' [D:/Code Try/CODExperiment/Lab2/project_1/project_1.srcs/sim_1/new/asd.v:80]
Completed static elaboration
Starting simulation data flow analysis
Completed simulation data flow analysis
Time Resolution for simulation is 1ps
Compiling module xil_defaultlib.encoder_16bits
Compiling module dist_mem_gen_v8_0_13.dist_mem_gen_v8_0_13(C_FAMILY="a...
Compiling module xil_defaultlib.dist_mem_gen_0
Compiling module xil_defaultlib.asd
Compiling module xil_defaultlib.glbl
Built simulation snapshot asd_behav
INFO: [USF-XSim-69] 'elaborate' step finished in '2' seconds
INFO: [USF-XSim-4] XSim::Simulate design
INFO: [USF-XSim-61] Executing 'SIMULATE' step in 'D:/Code Try/CODExperiment/Lab2/project_1/project_1.sim/sim_1/behav/xsim'
INFO: [USF-XSim-98] *** Running xsim
   with args "asd_behav -key {Behavioral:sim_1:Functional:asd} -tclbatch {asd.tcl} -log {simulate.log}"
INFO: [USF-XSim-8] Loading simulator feature
Vivado Simulator 2019.1
Time resolution is 1 ps
source asd.tcl
# set curr_wave [current_wave_config]
# if { [string length $curr_wave] == 0 } {
#   if { [llength [get_objects]] > 0} {
#     add_wave /
#     set_property needs_save false [current_wave_config]
#   } else {
#      send_msg_id Add_Wave-1 WARNING "No top level signals found. Simulator will start without a wave window. If you want to open a wave window go to 'File->New Waveform Configuration' or type 'create_wave_config' in the TCL console."
#   }
# }
# run 1000ns
WARNING: This core is supplied with a behavioral model. To model cycle-accurate behavior you must run timing simulation.
WARNING: Too many words specified in data file dist_mem_gen_0.mif
INFO: [USF-XSim-96] XSim completed. Design snapshot 'asd_behav' loaded.
INFO: [USF-XSim-97] XSim simulation ran for 1000ns
launch_simulation: Time (s): cpu = 00:00:03 ; elapsed = 00:00:06 . Memory (MB): peak = 2708.609 ; gain = 0.000
close_sim
INFO: [Simtcl 6-16] Simulation closed
launch_simulation
INFO: [Vivado 12-5698] Checking validity of IPs in the design for the 'XSim' simulator...
INFO: [Vivado 12-5682] Launching behavioral simulation in 'D:/Code Try/CODExperiment/Lab2/project_1/project_1.sim/sim_1/behav/xsim'
INFO: [Vivado 12-4795] Using compiled simulation libraries for IPs
INFO: [SIM-utils-51] Simulation object is 'sim_1'
INFO: [USF-XSim-7] Finding pre-compiled libraries...
INFO: [USF-XSim-11] File 'D:/Xilinx/Vivado/2019.1/data/xsim/xsim.ini' copied to run dir:'D:/Code Try/CODExperiment/Lab2/project_1/project_1.sim/sim_1/behav/xsim'
INFO: [SIM-utils-54] Inspecting design source files for 'asd' in fileset 'sim_1'...
INFO: [SIM-utils-43] Exported 'D:/Code Try/CODExperiment/Lab2/project_1/project_1.sim/sim_1/behav/xsim/dist_mem_256_16.mif'
INFO: [SIM-utils-43] Exported 'D:/Code Try/CODExperiment/Lab2/project_1/project_1.sim/sim_1/behav/xsim/DistMemCoe.coe'
INFO: [SIM-utils-43] Exported 'D:/Code Try/CODExperiment/Lab2/project_1/project_1.sim/sim_1/behav/xsim/dist_mem_gen_0.mif'
INFO: [USF-XSim-97] Finding global include files...
INFO: [USF-XSim-98] Fetching design files from 'sim_1'...
INFO: [USF-XSim-2] XSim::Compile design
INFO: [USF-XSim-61] Executing 'COMPILE and ANALYZE' step in 'D:/Code Try/CODExperiment/Lab2/project_1/project_1.sim/sim_1/behav/xsim'
"xvlog --incr --relax -prj asd_vlog.prj"
INFO: [VRFC 10-2263] Analyzing Verilog file "D:/Code Try/CODExperiment/Lab2/project_1/project_1.srcs/sources_1/ip/dist_mem_gen_0/sim/dist_mem_gen_0.v" into library xil_defaultlib
INFO: [VRFC 10-311] analyzing module dist_mem_gen_0
INFO: [VRFC 10-2263] Analyzing Verilog file "D:/Code Try/CODExperiment/Lab2/encoder.v" into library xil_defaultlib
INFO: [VRFC 10-311] analyzing module encoder_16bits
INFO: [VRFC 10-2263] Analyzing Verilog file "D:/Code Try/CODExperiment/Lab2/project_1/project_1.srcs/sim_1/new/asd.v" into library xil_defaultlib
INFO: [VRFC 10-311] analyzing module asd
INFO: [USF-XSim-69] 'compile' step finished in '2' seconds
INFO: [USF-XSim-3] XSim::Elaborate design
INFO: [USF-XSim-61] Executing 'ELABORATE' step in 'D:/Code Try/CODExperiment/Lab2/project_1/project_1.sim/sim_1/behav/xsim'
"xelab -wto 9e4de33ea685422e93e8555a9b84a134 --incr --debug typical --relax --mt 2 -L dist_mem_gen_v8_0_13 -L xil_defaultlib -L unisims_ver -L unimacro_ver -L secureip -L xpm --snapshot asd_behav xil_defaultlib.asd xil_defaultlib.glbl -log elaborate.log"
Vivado Simulator 2019.1
Copyright 1986-1999, 2001-2019 Xilinx, Inc. All Rights Reserved.
Running: D:/Xilinx/Vivado/2019.1/bin/unwrapped/win64.o/xelab.exe -wto 9e4de33ea685422e93e8555a9b84a134 --incr --debug typical --relax --mt 2 -L dist_mem_gen_v8_0_13 -L xil_defaultlib -L unisims_ver -L unimacro_ver -L secureip -L xpm --snapshot asd_behav xil_defaultlib.asd xil_defaultlib.glbl -log elaborate.log 
Using 2 slave threads.
Starting static elaboration
WARNING: [VRFC 10-3091] actual bit length 8 differs from formal bit length 6 for port 'a' [D:/Code Try/CODExperiment/Lab2/project_1/project_1.srcs/sim_1/new/asd.v:80]
Completed static elaboration
Starting simulation data flow analysis
Completed simulation data flow analysis
Time Resolution for simulation is 1ps
Compiling module xil_defaultlib.encoder_16bits
Compiling module dist_mem_gen_v8_0_13.dist_mem_gen_v8_0_13(C_FAMILY="a...
Compiling module xil_defaultlib.dist_mem_gen_0
Compiling module xil_defaultlib.asd
Compiling module xil_defaultlib.glbl
Built simulation snapshot asd_behav
INFO: [USF-XSim-69] 'elaborate' step finished in '2' seconds
INFO: [USF-XSim-4] XSim::Simulate design
INFO: [USF-XSim-61] Executing 'SIMULATE' step in 'D:/Code Try/CODExperiment/Lab2/project_1/project_1.sim/sim_1/behav/xsim'
INFO: [USF-XSim-98] *** Running xsim
   with args "asd_behav -key {Behavioral:sim_1:Functional:asd} -tclbatch {asd.tcl} -log {simulate.log}"
INFO: [USF-XSim-8] Loading simulator feature
Vivado Simulator 2019.1
Time resolution is 1 ps
source asd.tcl
# set curr_wave [current_wave_config]
# if { [string length $curr_wave] == 0 } {
#   if { [llength [get_objects]] > 0} {
#     add_wave /
#     set_property needs_save false [current_wave_config]
#   } else {
#      send_msg_id Add_Wave-1 WARNING "No top level signals found. Simulator will start without a wave window. If you want to open a wave window go to 'File->New Waveform Configuration' or type 'create_wave_config' in the TCL console."
#   }
# }
# run 1000ns
WARNING: This core is supplied with a behavioral model. To model cycle-accurate behavior you must run timing simulation.
WARNING: Too many words specified in data file dist_mem_gen_0.mif
INFO: [USF-XSim-96] XSim completed. Design snapshot 'asd_behav' loaded.
INFO: [USF-XSim-97] XSim simulation ran for 1000ns
launch_simulation: Time (s): cpu = 00:00:04 ; elapsed = 00:00:09 . Memory (MB): peak = 2708.609 ; gain = 0.000
close_sim
INFO: [Simtcl 6-16] Simulation closed
launch_simulation
INFO: [Vivado 12-5698] Checking validity of IPs in the design for the 'XSim' simulator...
INFO: [Vivado 12-5682] Launching behavioral simulation in 'D:/Code Try/CODExperiment/Lab2/project_1/project_1.sim/sim_1/behav/xsim'
INFO: [Vivado 12-4795] Using compiled simulation libraries for IPs
INFO: [SIM-utils-51] Simulation object is 'sim_1'
INFO: [USF-XSim-7] Finding pre-compiled libraries...
INFO: [USF-XSim-11] File 'D:/Xilinx/Vivado/2019.1/data/xsim/xsim.ini' copied to run dir:'D:/Code Try/CODExperiment/Lab2/project_1/project_1.sim/sim_1/behav/xsim'
INFO: [SIM-utils-54] Inspecting design source files for 'asd' in fileset 'sim_1'...
INFO: [SIM-utils-43] Exported 'D:/Code Try/CODExperiment/Lab2/project_1/project_1.sim/sim_1/behav/xsim/dist_mem_256_16.mif'
INFO: [SIM-utils-43] Exported 'D:/Code Try/CODExperiment/Lab2/project_1/project_1.sim/sim_1/behav/xsim/DistMemCoe.coe'
INFO: [SIM-utils-43] Exported 'D:/Code Try/CODExperiment/Lab2/project_1/project_1.sim/sim_1/behav/xsim/dist_mem_gen_0.mif'
INFO: [USF-XSim-97] Finding global include files...
INFO: [USF-XSim-98] Fetching design files from 'sim_1'...
INFO: [USF-XSim-2] XSim::Compile design
INFO: [USF-XSim-61] Executing 'COMPILE and ANALYZE' step in 'D:/Code Try/CODExperiment/Lab2/project_1/project_1.sim/sim_1/behav/xsim'
"xvlog --incr --relax -prj asd_vlog.prj"
INFO: [VRFC 10-2263] Analyzing Verilog file "D:/Code Try/CODExperiment/Lab2/project_1/project_1.srcs/sources_1/ip/dist_mem_gen_0/sim/dist_mem_gen_0.v" into library xil_defaultlib
INFO: [VRFC 10-311] analyzing module dist_mem_gen_0
INFO: [VRFC 10-2263] Analyzing Verilog file "D:/Code Try/CODExperiment/Lab2/encoder.v" into library xil_defaultlib
INFO: [VRFC 10-311] analyzing module encoder_16bits
INFO: [VRFC 10-2263] Analyzing Verilog file "D:/Code Try/CODExperiment/Lab2/project_1/project_1.srcs/sim_1/new/asd.v" into library xil_defaultlib
INFO: [VRFC 10-311] analyzing module asd
INFO: [USF-XSim-69] 'compile' step finished in '2' seconds
INFO: [USF-XSim-3] XSim::Elaborate design
INFO: [USF-XSim-61] Executing 'ELABORATE' step in 'D:/Code Try/CODExperiment/Lab2/project_1/project_1.sim/sim_1/behav/xsim'
"xelab -wto 9e4de33ea685422e93e8555a9b84a134 --incr --debug typical --relax --mt 2 -L dist_mem_gen_v8_0_13 -L xil_defaultlib -L unisims_ver -L unimacro_ver -L secureip -L xpm --snapshot asd_behav xil_defaultlib.asd xil_defaultlib.glbl -log elaborate.log"
Vivado Simulator 2019.1
Copyright 1986-1999, 2001-2019 Xilinx, Inc. All Rights Reserved.
Running: D:/Xilinx/Vivado/2019.1/bin/unwrapped/win64.o/xelab.exe -wto 9e4de33ea685422e93e8555a9b84a134 --incr --debug typical --relax --mt 2 -L dist_mem_gen_v8_0_13 -L xil_defaultlib -L unisims_ver -L unimacro_ver -L secureip -L xpm --snapshot asd_behav xil_defaultlib.asd xil_defaultlib.glbl -log elaborate.log 
Using 2 slave threads.
Starting static elaboration
WARNING: [VRFC 10-3091] actual bit length 8 differs from formal bit length 6 for port 'a' [D:/Code Try/CODExperiment/Lab2/project_1/project_1.srcs/sim_1/new/asd.v:80]
Completed static elaboration
Starting simulation data flow analysis
Completed simulation data flow analysis
Time Resolution for simulation is 1ps
Compiling module xil_defaultlib.encoder_16bits
Compiling module dist_mem_gen_v8_0_13.dist_mem_gen_v8_0_13(C_FAMILY="a...
Compiling module xil_defaultlib.dist_mem_gen_0
Compiling module xil_defaultlib.asd
Compiling module xil_defaultlib.glbl
Built simulation snapshot asd_behav
INFO: [USF-XSim-69] 'elaborate' step finished in '3' seconds
INFO: [USF-XSim-4] XSim::Simulate design
INFO: [USF-XSim-61] Executing 'SIMULATE' step in 'D:/Code Try/CODExperiment/Lab2/project_1/project_1.sim/sim_1/behav/xsim'
INFO: [USF-XSim-98] *** Running xsim
   with args "asd_behav -key {Behavioral:sim_1:Functional:asd} -tclbatch {asd.tcl} -log {simulate.log}"
INFO: [USF-XSim-8] Loading simulator feature
Vivado Simulator 2019.1
Time resolution is 1 ps
source asd.tcl
# set curr_wave [current_wave_config]
# if { [string length $curr_wave] == 0 } {
#   if { [llength [get_objects]] > 0} {
#     add_wave /
#     set_property needs_save false [current_wave_config]
#   } else {
#      send_msg_id Add_Wave-1 WARNING "No top level signals found. Simulator will start without a wave window. If you want to open a wave window go to 'File->New Waveform Configuration' or type 'create_wave_config' in the TCL console."
#   }
# }
# run 1000ns
WARNING: This core is supplied with a behavioral model. To model cycle-accurate behavior you must run timing simulation.
WARNING: Too many words specified in data file dist_mem_gen_0.mif
INFO: [USF-XSim-96] XSim completed. Design snapshot 'asd_behav' loaded.
INFO: [USF-XSim-97] XSim simulation ran for 1000ns
launch_simulation: Time (s): cpu = 00:00:04 ; elapsed = 00:00:08 . Memory (MB): peak = 2708.609 ; gain = 0.000
reset_run synth_1
WARNING: [Vivado 12-1017] Problems encountered:
1. Failed to delete one or more files in run directory D:/Code Try/CODExperiment/Lab2/project_1/project_1.runs/synth_1

reset_run dist_mem_256_16_synth_1
WARNING: [Vivado 12-1017] Problems encountered:
1. Failed to delete one or more files in run directory D:/Code Try/CODExperiment/Lab2/project_1/project_1.runs/dist_mem_256_16_synth_1

launch_runs impl_1 -to_step write_bitstream -jobs 6
INFO: [IP_Flow 19-1686] Generating 'Synthesis' target for IP 'dist_mem_256_16'...
[Mon Mar 28 23:36:41 2022] Launched dist_mem_256_16_synth_1, synth_1...
Run output will be captured here:
dist_mem_256_16_synth_1: D:/Code Try/CODExperiment/Lab2/project_1/project_1.runs/dist_mem_256_16_synth_1/runme.log
synth_1: D:/Code Try/CODExperiment/Lab2/project_1/project_1.runs/synth_1/runme.log
[Mon Mar 28 23:36:41 2022] Launched impl_1...
Run output will be captured here: D:/Code Try/CODExperiment/Lab2/project_1/project_1.runs/impl_1/runme.log
open_hw
connect_hw_server
INFO: [Labtools 27-2285] Connecting to hw_server url TCP:localhost:3121
INFO: [Labtools 27-2222] Launching hw_server...
INFO: [Labtools 27-2221] Launch Output:

****** Xilinx hw_server v2019.1
  **** Build date : May 24 2019 at 15:13:31
    ** Copyright 1986-2019 Xilinx, Inc. All Rights Reserved.


open_hw_target
INFO: [Labtoolstcl 44-466] Opening hw_target localhost:3121/xilinx_tcf/Digilent/210292ABF974A
set_property PROGRAM.FILE {D:/Code Try/CODExperiment/Lab2/project_1/project_1.runs/impl_1/sortDownload.bit} [get_hw_devices xc7a100t_0]
current_hw_device [get_hw_devices xc7a100t_0]
refresh_hw_device -update_hw_probes false [lindex [get_hw_devices xc7a100t_0] 0]
INFO: [Labtools 27-1434] Device xc7a100t (JTAG device index = 0) is programmed with a design that has no supported debug core(s) in it.
set_property PROBES.FILE {} [get_hw_devices xc7a100t_0]
set_property FULL_PROBES.FILE {} [get_hw_devices xc7a100t_0]
set_property PROGRAM.FILE {D:/Code Try/CODExperiment/Lab2/project_1/project_1.runs/impl_1/sortDownload.bit} [get_hw_devices xc7a100t_0]
program_hw_devices [get_hw_devices xc7a100t_0]
INFO: [Labtools 27-3164] End of startup status: HIGH
refresh_hw_device [lindex [get_hw_devices xc7a100t_0] 0]
INFO: [Labtools 27-1434] Device xc7a100t (JTAG device index = 0) is programmed with a design that has no supported debug core(s) in it.
close_sim
INFO: [Simtcl 6-16] Simulation closed
exit
INFO: [Common 17-206] Exiting Vivado at Mon Mar 28 23:45:40 2022...
